100.07.31 13:46 B C:\My Documents\CRS\bookhnet\tutorials\airport-ethernet-1.1\010launchadmin.gif <-- ntwww /airport-ethernet-1.1 010launchadmin.gif
100.07.31 13:46 B C:\My Documents\CRS\bookhnet\tutorials\airport-ethernet-1.1\020lookingforbase.gif <-- ntwww /airport-ethernet-1.1 020lookingforbase.gif
100.07.31 13:46 B C:\My Documents\CRS\bookhnet\tutorials\airport-ethernet-1.1\030selectandconfigure.gif <-- ntwww /airport-ethernet-1.1 030selectandconfigure.gif
100.07.31 13:46 B C:\My Documents\CRS\bookhnet\tutorials\airport-ethernet-1.1\040enterpassword.gif <-- ntwww /airport-ethernet-1.1 040enterpassword.gif
100.07.31 13:46 B C:\My Documents\CRS\bookhnet\tutorials\airport-ethernet-1.1\050wirelesssettings.gif <-- ntwww /airport-ethernet-1.1 050wirelesssettings.gif
100.07.31 13:46 B C:\My Documents\CRS\bookhnet\tutorials\airport-ethernet-1.1\060internetsettings.gif <-- ntwww /airport-ethernet-1.1 060internetsettings.gif
100.07.31 13:46 B C:\My Documents\CRS\bookhnet\tutorials\airport-ethernet-1.1\070lansettings.gif <-- ntwww /airport-ethernet-1.1 070lansettings.gif
100.07.31 13:46 B C:\My Documents\CRS\bookhnet\tutorials\airport-ethernet-1.1\080accesscontrol.gif <-- ntwww /airport-ethernet-1.1 080accesscontrol.gif
101.01.26 00:17 B C:\My Documents\CRS\bookhnet\tutorials\airport-ethernet\010launchadmin.gif --> www.netfact.com /inetpub/wwwroot/netfact/hng/tutorials/airport-ethernet 010launchadmin.gif
101.01.26 00:17 B C:\My Documents\CRS\bookhnet\tutorials\airport-ethernet\010launchadmin.htm --> www.netfact.com /inetpub/wwwroot/netfact/hng/tutorials/airport-ethernet 010launchadmin.htm
101.01.26 00:17 B C:\My Documents\CRS\bookhnet\tutorials\airport-ethernet\020lookingforbase.gif --> www.netfact.com /inetpub/wwwroot/netfact/hng/tutorials/airport-ethernet 020lookingforbase.gif
101.01.26 00:17 B C:\My Documents\CRS\bookhnet\tutorials\airport-ethernet\020lookingforbase.htm --> www.netfact.com /inetpub/wwwroot/netfact/hng/tutorials/airport-ethernet 020lookingforbase.htm
101.01.26 00:17 B C:\My Documents\CRS\bookhnet\tutorials\airport-ethernet\030selectandconfigure.gif --> www.netfact.com /inetpub/wwwroot/netfact/hng/tutorials/airport-ethernet 030selectandconfigure.gif
101.01.26 00:17 B C:\My Documents\CRS\bookhnet\tutorials\airport-ethernet\030selectandconfigure.htm --> www.netfact.com /inetpub/wwwroot/netfact/hng/tutorials/airport-ethernet 030selectandconfigure.htm
101.01.26 00:17 B C:\My Documents\CRS\bookhnet\tutorials\airport-ethernet\040enterpassword.gif --> www.netfact.com /inetpub/wwwroot/netfact/hng/tutorials/airport-ethernet 040enterpassword.gif
101.01.26 00:17 B C:\My Documents\CRS\bookhnet\tutorials\airport-ethernet\040enterpassword.htm --> www.netfact.com /inetpub/wwwroot/netfact/hng/tutorials/airport-ethernet 040enterpassword.htm
101.01.26 00:17 B C:\My Documents\CRS\bookhnet\tutorials\airport-ethernet\050wirelesssettings.gif --> www.netfact.com /inetpub/wwwroot/netfact/hng/tutorials/airport-ethernet 050wirelesssettings.gif
101.01.26 00:17 B C:\My Documents\CRS\bookhnet\tutorials\airport-ethernet\050wirelesssettings.htm --> www.netfact.com /inetpub/wwwroot/netfact/hng/tutorials/airport-ethernet 050wirelesssettings.htm
101.01.26 00:17 B C:\My Documents\CRS\bookhnet\tutorials\airport-ethernet\060internetsettings.gif --> www.netfact.com /inetpub/wwwroot/netfact/hng/tutorials/airport-ethernet 060internetsettings.gif
101.01.26 00:17 B C:\My Documents\CRS\bookhnet\tutorials\airport-ethernet\060internetsettings.htm --> www.netfact.com /inetpub/wwwroot/netfact/hng/tutorials/airport-ethernet 060internetsettings.htm
101.01.26 00:17 B C:\My Documents\CRS\bookhnet\tutorials\airport-ethernet\070lansettings.gif --> www.netfact.com /inetpub/wwwroot/netfact/hng/tutorials/airport-ethernet 070lansettings.gif
101.01.26 00:17 B C:\My Documents\CRS\bookhnet\tutorials\airport-ethernet\070lansettings.htm --> www.netfact.com /inetpub/wwwroot/netfact/hng/tutorials/airport-ethernet 070lansettings.htm
101.01.26 00:17 B C:\My Documents\CRS\bookhnet\tutorials\airport-ethernet\080accesscontrol.gif --> www.netfact.com /inetpub/wwwroot/netfact/hng/tutorials/airport-ethernet 080accesscontrol.gif
101.01.26 00:17 B C:\My Documents\CRS\bookhnet\tutorials\airport-ethernet\080accesscontrol.htm --> www.netfact.com /inetpub/wwwroot/netfact/hng/tutorials/airport-ethernet 080accesscontrol.htm
101.01.26 00:17 B C:\My Documents\CRS\bookhnet\tutorials\airport-ethernet\fullind.htm --> www.netfact.com /inetpub/wwwroot/netfact/hng/tutorials/airport-ethernet fullind.htm
101.01.26 00:17 B C:\My Documents\CRS\bookhnet\tutorials\airport-ethernet\index.htm --> www.netfact.com /inetpub/wwwroot/netfact/hng/tutorials/airport-ethernet index.htm
102.12.03 22:07 B C:\Documents and Settings\Chuck\Desktop\netfact-archive\hng\tutorials\airport-ethernet-old\WS_FTP.LOG <-- netfact /Inetpub/wwwroot/netfact/hng/tutorials/airport-ethernet-old WS_FTP.LOG
