100.07.31 13:47 B C:\My Documents\CRS\bookhnet\tutorials\airport-modem\010launchadmin.gif <-- ntwww /airport-modem 010launchadmin.gif
100.07.31 13:47 B C:\My Documents\CRS\bookhnet\tutorials\airport-modem\020lookingforbase.gif <-- ntwww /airport-modem 020lookingforbase.gif
100.07.31 13:47 B C:\My Documents\CRS\bookhnet\tutorials\airport-modem\030selectandconfigure.gif <-- ntwww /airport-modem 030selectandconfigure.gif
100.07.31 13:47 B C:\My Documents\CRS\bookhnet\tutorials\airport-modem\040enterpassword.gif <-- ntwww /airport-modem 040enterpassword.gif
100.07.31 13:47 B C:\My Documents\CRS\bookhnet\tutorials\airport-modem\050wirelesssettings.gif <-- ntwww /airport-modem 050wirelesssettings.gif
100.07.31 13:47 B C:\My Documents\CRS\bookhnet\tutorials\airport-modem\060internetsettings.gif <-- ntwww /airport-modem 060internetsettings.gif
100.07.31 13:47 B C:\My Documents\CRS\bookhnet\tutorials\airport-modem\070lansettings.gif <-- ntwww /airport-modem 070lansettings.gif
100.07.31 13:47 B C:\My Documents\CRS\bookhnet\tutorials\airport-modem\080accesscontrol.gif <-- ntwww /airport-modem 080accesscontrol.gif
101.01.26 00:17 B C:\My Documents\CRS\bookhnet\tutorials\airport-modem\010launchadmin.gif --> www.netfact.com /inetpub/wwwroot/netfact/hng/tutorials/airport-modem 010launchadmin.gif
101.01.26 00:17 B C:\My Documents\CRS\bookhnet\tutorials\airport-modem\010launchadmin.htm --> www.netfact.com /inetpub/wwwroot/netfact/hng/tutorials/airport-modem 010launchadmin.htm
101.01.26 00:17 B C:\My Documents\CRS\bookhnet\tutorials\airport-modem\020lookingforbase.gif --> www.netfact.com /inetpub/wwwroot/netfact/hng/tutorials/airport-modem 020lookingforbase.gif
101.01.26 00:17 B C:\My Documents\CRS\bookhnet\tutorials\airport-modem\020lookingforbase.htm --> www.netfact.com /inetpub/wwwroot/netfact/hng/tutorials/airport-modem 020lookingforbase.htm
101.01.26 00:17 B C:\My Documents\CRS\bookhnet\tutorials\airport-modem\030selectandconfigure.gif --> www.netfact.com /inetpub/wwwroot/netfact/hng/tutorials/airport-modem 030selectandconfigure.gif
101.01.26 00:17 B C:\My Documents\CRS\bookhnet\tutorials\airport-modem\030selectandconfigure.htm --> www.netfact.com /inetpub/wwwroot/netfact/hng/tutorials/airport-modem 030selectandconfigure.htm
101.01.26 00:17 B C:\My Documents\CRS\bookhnet\tutorials\airport-modem\040enterpassword.gif --> www.netfact.com /inetpub/wwwroot/netfact/hng/tutorials/airport-modem 040enterpassword.gif
101.01.26 00:17 B C:\My Documents\CRS\bookhnet\tutorials\airport-modem\040enterpassword.htm --> www.netfact.com /inetpub/wwwroot/netfact/hng/tutorials/airport-modem 040enterpassword.htm
101.01.26 00:17 B C:\My Documents\CRS\bookhnet\tutorials\airport-modem\050wirelesssettings.gif --> www.netfact.com /inetpub/wwwroot/netfact/hng/tutorials/airport-modem 050wirelesssettings.gif
101.01.26 00:17 B C:\My Documents\CRS\bookhnet\tutorials\airport-modem\050wirelesssettings.htm --> www.netfact.com /inetpub/wwwroot/netfact/hng/tutorials/airport-modem 050wirelesssettings.htm
101.01.26 00:17 B C:\My Documents\CRS\bookhnet\tutorials\airport-modem\060internetsettings.gif --> www.netfact.com /inetpub/wwwroot/netfact/hng/tutorials/airport-modem 060internetsettings.gif
101.01.26 00:17 B C:\My Documents\CRS\bookhnet\tutorials\airport-modem\060internetsettings.htm --> www.netfact.com /inetpub/wwwroot/netfact/hng/tutorials/airport-modem 060internetsettings.htm
101.01.26 00:17 B C:\My Documents\CRS\bookhnet\tutorials\airport-modem\070lansettings.gif --> www.netfact.com /inetpub/wwwroot/netfact/hng/tutorials/airport-modem 070lansettings.gif
101.01.26 00:17 B C:\My Documents\CRS\bookhnet\tutorials\airport-modem\070lansettings.htm --> www.netfact.com /inetpub/wwwroot/netfact/hng/tutorials/airport-modem 070lansettings.htm
101.01.26 00:17 B C:\My Documents\CRS\bookhnet\tutorials\airport-modem\080accesscontrol.gif --> www.netfact.com /inetpub/wwwroot/netfact/hng/tutorials/airport-modem 080accesscontrol.gif
101.01.26 00:17 B C:\My Documents\CRS\bookhnet\tutorials\airport-modem\080accesscontrol.htm --> www.netfact.com /inetpub/wwwroot/netfact/hng/tutorials/airport-modem 080accesscontrol.htm
101.01.26 00:17 B C:\My Documents\CRS\bookhnet\tutorials\airport-modem\fullind.htm --> www.netfact.com /inetpub/wwwroot/netfact/hng/tutorials/airport-modem fullind.htm
101.01.26 00:17 B C:\My Documents\CRS\bookhnet\tutorials\airport-modem\index.htm --> www.netfact.com /inetpub/wwwroot/netfact/hng/tutorials/airport-modem index.htm
101.01.26 00:17 B C:\My Documents\CRS\bookhnet\tutorials\airport-modem\WS_FTP.LOG --> www.netfact.com /inetpub/wwwroot/netfact/hng/tutorials/airport-modem WS_FTP.LOG
102.12.03 22:08 B C:\Documents and Settings\Chuck\Desktop\netfact-archive\hng\tutorials\airport-modem\WS_FTP.LOG <-- netfact /Inetpub/wwwroot/netfact/hng/tutorials/airport-modem WS_FTP.LOG
