101.04.01 01:27 B c:\my documents\bookhnet\tutorials\isdn-3com\thumbs\010mainpage.gif --> www.netfact.com /inetpub/wwwroot/netfact/hng/tutorials/isdn-3com/thumbs 010mainpage.gif
101.04.01 01:27 B c:\my documents\bookhnet\tutorials\isdn-3com\thumbs\020isdnparam1.gif --> www.netfact.com /inetpub/wwwroot/netfact/hng/tutorials/isdn-3com/thumbs 020isdnparam1.gif
101.04.01 01:27 B c:\my documents\bookhnet\tutorials\isdn-3com\thumbs\030isdnparam2.gif --> www.netfact.com /inetpub/wwwroot/netfact/hng/tutorials/isdn-3com/thumbs 030isdnparam2.gif
101.04.01 01:27 B c:\my documents\bookhnet\tutorials\isdn-3com\thumbs\040dataparam.gif --> www.netfact.com /inetpub/wwwroot/netfact/hng/tutorials/isdn-3com/thumbs 040dataparam.gif
101.04.01 01:27 B c:\my documents\bookhnet\tutorials\isdn-3com\thumbs\050lanparms.gif --> www.netfact.com /inetpub/wwwroot/netfact/hng/tutorials/isdn-3com/thumbs 050lanparms.gif
101.04.01 01:27 B c:\my documents\bookhnet\tutorials\isdn-3com\thumbs\060currentcall.gif --> www.netfact.com /inetpub/wwwroot/netfact/hng/tutorials/isdn-3com/thumbs 060currentcall.gif
101.04.01 01:27 B c:\my documents\bookhnet\tutorials\isdn-3com\thumbs\070workstations.gif --> www.netfact.com /inetpub/wwwroot/netfact/hng/tutorials/isdn-3com/thumbs 070workstations.gif
101.04.01 01:27 B c:\my documents\bookhnet\tutorials\isdn-3com\thumbs\080workstaparms.gif --> www.netfact.com /inetpub/wwwroot/netfact/hng/tutorials/isdn-3com/thumbs 080workstaparms.gif
101.04.01 01:27 B c:\my documents\bookhnet\tutorials\isdn-3com\thumbs\090sysstats.gif --> www.netfact.com /inetpub/wwwroot/netfact/hng/tutorials/isdn-3com/thumbs 090sysstats.gif
101.04.01 01:29 B c:\my documents\bookhnet\tutorials\isdn-3com\thumbs\010mainpage.gif --> www.netfact.com /inetpub/wwwroot/netfact/hng/tutorials/isdn-3com/thumbs 010mainpage.gif
101.04.01 01:29 B c:\my documents\bookhnet\tutorials\isdn-3com\thumbs\020isdnparam1.gif --> www.netfact.com /inetpub/wwwroot/netfact/hng/tutorials/isdn-3com/thumbs 020isdnparam1.gif
101.04.01 01:29 B c:\my documents\bookhnet\tutorials\isdn-3com\thumbs\030isdnparam2.gif --> www.netfact.com /inetpub/wwwroot/netfact/hng/tutorials/isdn-3com/thumbs 030isdnparam2.gif
101.04.01 01:29 B c:\my documents\bookhnet\tutorials\isdn-3com\thumbs\040dataparam.gif --> www.netfact.com /inetpub/wwwroot/netfact/hng/tutorials/isdn-3com/thumbs 040dataparam.gif
101.04.01 01:29 B c:\my documents\bookhnet\tutorials\isdn-3com\thumbs\050lanparms.gif --> www.netfact.com /inetpub/wwwroot/netfact/hng/tutorials/isdn-3com/thumbs 050lanparms.gif
101.04.01 01:30 B c:\my documents\bookhnet\tutorials\isdn-3com\thumbs\060currentcall.gif --> www.netfact.com /inetpub/wwwroot/netfact/hng/tutorials/isdn-3com/thumbs 060currentcall.gif
101.04.01 01:30 B c:\my documents\bookhnet\tutorials\isdn-3com\thumbs\070workstations.gif --> www.netfact.com /inetpub/wwwroot/netfact/hng/tutorials/isdn-3com/thumbs 070workstations.gif
101.04.01 01:30 B c:\my documents\bookhnet\tutorials\isdn-3com\thumbs\080workstaparms.gif --> www.netfact.com /inetpub/wwwroot/netfact/hng/tutorials/isdn-3com/thumbs 080workstaparms.gif
101.04.01 01:30 B c:\my documents\bookhnet\tutorials\isdn-3com\thumbs\090sysstats.gif --> www.netfact.com /inetpub/wwwroot/netfact/hng/tutorials/isdn-3com/thumbs 090sysstats.gif
101.04.01 01:30 B c:\my documents\bookhnet\tutorials\isdn-3com\thumbs\WS_FTP.LOG --> www.netfact.com /inetpub/wwwroot/netfact/hng/tutorials/isdn-3com/thumbs WS_FTP.LOG
102.12.03 22:09 B C:\Documents and Settings\Chuck\Desktop\netfact-archive\hng\tutorials\isdn-3com\thumbs\WS_FTP.LOG <-- netfact /Inetpub/wwwroot/netfact/hng/tutorials/isdn-3com/thumbs WS_FTP.LOG
