103.03.30 14:03 B C:\Documents and Settings\Chuck\Desktop\hng2\chapter-04\660_router_status.gif --> www.netfact.com /Inetpub/wwwroot/netfact/wmm/chapter-04 660_router_status.gif
103.03.30 14:04 B C:\Documents and Settings\Chuck\Desktop\hng2\chapter-04\670_router_status_no_dchp.gif --> www.netfact.com /Inetpub/wwwroot/netfact/wmm/chapter-04 670_router_status_no_dchp.gif
103.03.30 14:04 B C:\Documents and Settings\Chuck\Desktop\hng2\chapter-04\680_router_log.gif --> www.netfact.com /Inetpub/wwwroot/netfact/wmm/chapter-04 680_router_log.gif
103.03.30 14:04 B C:\Documents and Settings\Chuck\Desktop\hng2\chapter-04\690_router_hostname.gif --> www.netfact.com /Inetpub/wwwroot/netfact/wmm/chapter-04 690_router_hostname.gif
103.03.30 14:04 B C:\Documents and Settings\Chuck\Desktop\hng2\chapter-04\700_router_macaddress.gif --> www.netfact.com /Inetpub/wwwroot/netfact/wmm/chapter-04 700_router_macaddress.gif
103.03.30 14:04 B C:\Documents and Settings\Chuck\Desktop\hng2\chapter-04\710_router_status_newmac.gif --> www.netfact.com /Inetpub/wwwroot/netfact/wmm/chapter-04 710_router_status_newmac.gif
103.03.30 14:04 B C:\Documents and Settings\Chuck\Desktop\hng2\chapter-04\720_router_static_ip.gif --> www.netfact.com /Inetpub/wwwroot/netfact/wmm/chapter-04 720_router_static_ip.gif
103.03.30 14:04 B C:\Documents and Settings\Chuck\Desktop\hng2\chapter-04\730_router_static_status.gif --> www.netfact.com /Inetpub/wwwroot/netfact/wmm/chapter-04 730_router_static_status.gif
103.03.30 14:04 B C:\Documents and Settings\Chuck\Desktop\hng2\chapter-04\740_router_ping.gif --> www.netfact.com /Inetpub/wwwroot/netfact/wmm/chapter-04 740_router_ping.gif
103.03.30 14:04 B C:\Documents and Settings\Chuck\Desktop\hng2\chapter-04\750_router_ping_result.gif --> www.netfact.com /Inetpub/wwwroot/netfact/wmm/chapter-04 750_router_ping_result.gif
103.03.30 14:04 B C:\Documents and Settings\Chuck\Desktop\hng2\chapter-04\800_router_dsl_account.gif --> www.netfact.com /Inetpub/wwwroot/netfact/wmm/chapter-04 800_router_dsl_account.gif
103.03.30 14:04 B C:\Documents and Settings\Chuck\Desktop\hng2\chapter-04\810_router_dsl_restart.gif --> www.netfact.com /Inetpub/wwwroot/netfact/wmm/chapter-04 810_router_dsl_restart.gif
103.03.30 14:04 B C:\Documents and Settings\Chuck\Desktop\hng2\chapter-04\820_router_dsl_status.gif --> www.netfact.com /Inetpub/wwwroot/netfact/wmm/chapter-04 820_router_dsl_status.gif
103.03.30 14:04 B C:\Documents and Settings\Chuck\Desktop\hng2\chapter-04\830_router_dsl_connecting.gif --> www.netfact.com /Inetpub/wwwroot/netfact/wmm/chapter-04 830_router_dsl_connecting.gif
103.03.30 14:04 B C:\Documents and Settings\Chuck\Desktop\hng2\chapter-04\840_router_dsl_status_good.gif --> www.netfact.com /Inetpub/wwwroot/netfact/wmm/chapter-04 840_router_dsl_status_good.gif
103.03.30 14:04 B C:\Documents and Settings\Chuck\Desktop\hng2\chapter-04\850_router_dsl_ping.gif --> www.netfact.com /Inetpub/wwwroot/netfact/wmm/chapter-04 850_router_dsl_ping.gif
103.03.30 14:04 B C:\Documents and Settings\Chuck\Desktop\hng2\chapter-04\860_router_dsl_ping_success.gif --> www.netfact.com /Inetpub/wwwroot/netfact/wmm/chapter-04 860_router_dsl_ping_success.gif
103.03.30 14:05 B C:\Documents and Settings\Chuck\Desktop\hng2\chapter-04\870_router_dsl_log.gif --> www.netfact.com /Inetpub/wwwroot/netfact/wmm/chapter-04 870_router_dsl_log.gif
103.03.30 14:05 B C:\Documents and Settings\Chuck\Desktop\hng2\chapter-04\900_wireless_router.jpg --> www.netfact.com /Inetpub/wwwroot/netfact/wmm/chapter-04 900_wireless_router.jpg
103.03.30 14:05 B C:\Documents and Settings\Chuck\Desktop\hng2\chapter-04\905_wireless_available.jpg --> www.netfact.com /Inetpub/wwwroot/netfact/wmm/chapter-04 905_wireless_available.jpg
103.03.30 14:05 B C:\Documents and Settings\Chuck\Desktop\hng2\chapter-04\910_wireless_network_connection.jpg --> www.netfact.com /Inetpub/wwwroot/netfact/wmm/chapter-04 910_wireless_network_connection.jpg
103.03.30 14:05 B C:\Documents and Settings\Chuck\Desktop\hng2\chapter-04\920_connection_up.jpg --> www.netfact.com /Inetpub/wwwroot/netfact/wmm/chapter-04 920_connection_up.jpg
103.03.30 14:05 B C:\Documents and Settings\Chuck\Desktop\hng2\chapter-04\930_connection_status.jpg --> www.netfact.com /Inetpub/wwwroot/netfact/wmm/chapter-04 930_connection_status.jpg
103.03.30 14:05 B C:\Documents and Settings\Chuck\Desktop\hng2\chapter-04\940_connection_support.jpg --> www.netfact.com /Inetpub/wwwroot/netfact/wmm/chapter-04 940_connection_support.jpg
103.03.30 14:05 B C:\Documents and Settings\Chuck\Desktop\hng2\chapter-04\950_viewavailable_wireless.jpg --> www.netfact.com /Inetpub/wwwroot/netfact/wmm/chapter-04 950_viewavailable_wireless.jpg
103.03.30 14:05 B C:\Documents and Settings\Chuck\Desktop\hng2\chapter-04\955_wireless_zero_packets.jpg --> www.netfact.com /Inetpub/wwwroot/netfact/wmm/chapter-04 955_wireless_zero_packets.jpg
103.03.30 14:05 B C:\Documents and Settings\Chuck\Desktop\hng2\chapter-04\960_advanced_config.jpg --> www.netfact.com /Inetpub/wwwroot/netfact/wmm/chapter-04 960_advanced_config.jpg
103.03.30 14:05 B C:\Documents and Settings\Chuck\Desktop\hng2\chapter-04\computer_name.gif --> www.netfact.com /Inetpub/wwwroot/netfact/wmm/chapter-04 computer_name.gif
103.03.30 14:05 B C:\Documents and Settings\Chuck\Desktop\hng2\chapter-04\dhcpon.gif --> www.netfact.com /Inetpub/wwwroot/netfact/wmm/chapter-04 dhcpon.gif
103.03.30 14:05 B C:\Documents and Settings\Chuck\Desktop\hng2\chapter-04\goodlancontrolpanel.gif --> www.netfact.com /Inetpub/wwwroot/netfact/wmm/chapter-04 goodlancontrolpanel.gif
103.03.30 14:05 B C:\Documents and Settings\Chuck\Desktop\hng2\chapter-04\goodnet.gif --> www.netfact.com /Inetpub/wwwroot/netfact/wmm/chapter-04 goodnet.gif
103.03.30 14:05 B C:\Documents and Settings\Chuck\Desktop\hng2\chapter-04\lanconnectionstatusdetails.gif --> www.netfact.com /Inetpub/wwwroot/netfact/wmm/chapter-04 lanconnectionstatusdetails.gif
103.03.30 14:05 B C:\Documents and Settings\Chuck\Desktop\hng2\chapter-04\LANconnectionstatusgood.gif --> www.netfact.com /Inetpub/wwwroot/netfact/wmm/chapter-04 LANconnectionstatusgood.gif
103.03.30 14:05 B C:\Documents and Settings\Chuck\Desktop\hng2\chapter-04\lanconnectionstatussupportgood.gif --> www.netfact.com /Inetpub/wwwroot/netfact/wmm/chapter-04 lanconnectionstatussupportgood.gif
103.03.30 14:05 B C:\Documents and Settings\Chuck\Desktop\hng2\chapter-04\netbad.gif --> www.netfact.com /Inetpub/wwwroot/netfact/wmm/chapter-04 netbad.gif
103.03.30 14:05 B C:\Documents and Settings\Chuck\Desktop\hng2\chapter-04\netlanstatus.gif --> www.netfact.com /Inetpub/wwwroot/netfact/wmm/chapter-04 netlanstatus.gif
103.03.30 14:05 B C:\Documents and Settings\Chuck\Desktop\hng2\chapter-04\netunplugged.gif --> www.netfact.com /Inetpub/wwwroot/netfact/wmm/chapter-04 netunplugged.gif
103.03.30 14:05 B C:\Documents and Settings\Chuck\Desktop\hng2\chapter-04\router_login.gif --> www.netfact.com /Inetpub/wwwroot/netfact/wmm/chapter-04 router_login.gif
103.03.30 14:05 B C:\Documents and Settings\Chuck\Desktop\hng2\chapter-04\router_main.gif --> www.netfact.com /Inetpub/wwwroot/netfact/wmm/chapter-04 router_main.gif
103.03.30 14:05 B C:\Documents and Settings\Chuck\Desktop\hng2\chapter-04\router_restart.gif --> www.netfact.com /Inetpub/wwwroot/netfact/wmm/chapter-04 router_restart.gif
103.03.30 14:05 B C:\Documents and Settings\Chuck\Desktop\hng2\chapter-04\router_tools.gif --> www.netfact.com /Inetpub/wwwroot/netfact/wmm/chapter-04 router_tools.gif
103.03.30 14:05 B C:\Documents and Settings\Chuck\Desktop\hng2\chapter-04\router_wan.gif --> www.netfact.com /Inetpub/wwwroot/netfact/wmm/chapter-04 router_wan.gif
103.03.30 14:05 B C:\Documents and Settings\Chuck\Desktop\hng2\chapter-04\tcpprop.gif --> www.netfact.com /Inetpub/wwwroot/netfact/wmm/chapter-04 tcpprop.gif
103.03.30 14:06 B C:\Documents and Settings\Chuck\Desktop\hng2\chapter-04\wireless-chap04outline.ppt --> www.netfact.com /Inetpub/wwwroot/netfact/wmm/chapter-04 wireless-chap04outline.ppt
103.03.30 14:07 B C:\Documents and Settings\Chuck\Desktop\hng2\chapter-04\wmm-chapter-04-v03.doc --> www.netfact.com /Inetpub/wwwroot/netfact/wmm/chapter-04 wmm-chapter-04-v03.doc
103.03.30 14:07 B C:\Documents and Settings\Chuck\Desktop\hng2\chapter-04\wmm-chapter04.ppt --> www.netfact.com /Inetpub/wwwroot/netfact/wmm/chapter-04 wmm-chapter04.ppt
