101.04.08 21:19 B c:\my documents\bookhnet\book\05netsharing\index.htm --> www.netfact.com /inetpub/wwwroot/netfact/hng/book/05netsharing index.htm
101.04.10 07:11 B c:\my documents\bookhnet\book\05netsharing\010moredhcp.gif --> www.netfact.com /inetpub/wwwroot/netfact/hng/book/05netsharing 010moredhcp.gif
101.04.10 07:11 B c:\my documents\bookhnet\book\05netsharing\020fakeip.gif --> www.netfact.com /inetpub/wwwroot/netfact/hng/book/05netsharing 020fakeip.gif
101.04.10 07:11 B c:\my documents\bookhnet\book\05netsharing\05netsharing.ppt --> www.netfact.com /inetpub/wwwroot/netfact/hng/book/05netsharing 05netsharing.ppt
101.04.10 07:11 B c:\my documents\bookhnet\book\05netsharing\index.htm --> www.netfact.com /inetpub/wwwroot/netfact/hng/book/05netsharing index.htm
101.04.10 07:11 B c:\my documents\bookhnet\book\05netsharing\WS_FTP.LOG --> www.netfact.com /inetpub/wwwroot/netfact/hng/book/05netsharing WS_FTP.LOG
101.04.17 23:28 B c:\my documents\bookhnet\book\05netsharing\010moredhcp.gif --> www.netfact.com /inetpub/wwwroot/netfact/hng/book/05netsharing 010moredhcp.gif
101.04.17 23:28 B c:\my documents\bookhnet\book\05netsharing\020fakeip.gif --> www.netfact.com /inetpub/wwwroot/netfact/hng/book/05netsharing 020fakeip.gif
101.04.17 23:28 B c:\my documents\bookhnet\book\05netsharing\030connectionnumber.gif --> www.netfact.com /inetpub/wwwroot/netfact/hng/book/05netsharing 030connectionnumber.gif
101.04.17 23:28 B c:\my documents\bookhnet\book\05netsharing\040natmapping.gif --> www.netfact.com /inetpub/wwwroot/netfact/hng/book/05netsharing 040natmapping.gif
101.04.17 23:28 B c:\my documents\bookhnet\book\05netsharing\050lanparms.gif --> www.netfact.com /inetpub/wwwroot/netfact/hng/book/05netsharing 050lanparms.gif
101.04.17 23:28 B c:\my documents\bookhnet\book\05netsharing\050proxy.gif --> www.netfact.com /inetpub/wwwroot/netfact/hng/book/05netsharing 050proxy.gif
101.04.17 23:28 B c:\my documents\bookhnet\book\05netsharing\05netsharing.ppt --> www.netfact.com /inetpub/wwwroot/netfact/hng/book/05netsharing 05netsharing.ppt
101.04.17 23:29 B c:\my documents\bookhnet\book\05netsharing\060proxyconfig.gif --> www.netfact.com /inetpub/wwwroot/netfact/hng/book/05netsharing 060proxyconfig.gif
101.04.17 23:29 B c:\my documents\bookhnet\book\05netsharing\070lansettings.gif --> www.netfact.com /inetpub/wwwroot/netfact/hng/book/05netsharing 070lansettings.gif
101.04.17 23:29 B c:\my documents\bookhnet\book\05netsharing\070sygatemain.gif --> www.netfact.com /inetpub/wwwroot/netfact/hng/book/05netsharing 070sygatemain.gif
101.04.17 23:29 B c:\my documents\bookhnet\book\05netsharing\080sygatedhcp.gif --> www.netfact.com /inetpub/wwwroot/netfact/hng/book/05netsharing 080sygatedhcp.gif
101.04.17 23:29 B c:\my documents\bookhnet\book\05netsharing\index.htm --> www.netfact.com /inetpub/wwwroot/netfact/hng/book/05netsharing index.htm
101.04.17 23:29 B c:\my documents\bookhnet\book\05netsharing\index2.htm --> www.netfact.com /inetpub/wwwroot/netfact/hng/book/05netsharing index2.htm
101.04.17 23:29 B c:\my documents\bookhnet\book\05netsharing\WS_FTP.LOG --> www.netfact.com /inetpub/wwwroot/netfact/hng/book/05netsharing WS_FTP.LOG
101.04.18 00:16 B c:\my documents\bookhnet\book\05netsharing\010moredhcp.gif --> www.netfact.com /inetpub/wwwroot/netfact/hng/book/05netsharing 010moredhcp.gif
101.04.18 00:16 B c:\my documents\bookhnet\book\05netsharing\020fakeip.gif --> www.netfact.com /inetpub/wwwroot/netfact/hng/book/05netsharing 020fakeip.gif
101.04.18 00:16 B c:\my documents\bookhnet\book\05netsharing\030connectionnumber.gif --> www.netfact.com /inetpub/wwwroot/netfact/hng/book/05netsharing 030connectionnumber.gif
101.04.18 00:16 B c:\my documents\bookhnet\book\05netsharing\040natmapping.gif --> www.netfact.com /inetpub/wwwroot/netfact/hng/book/05netsharing 040natmapping.gif
101.04.18 00:16 B c:\my documents\bookhnet\book\05netsharing\050lanparms.gif --> www.netfact.com /inetpub/wwwroot/netfact/hng/book/05netsharing 050lanparms.gif
101.04.18 00:16 B c:\my documents\bookhnet\book\05netsharing\050proxy.gif --> www.netfact.com /inetpub/wwwroot/netfact/hng/book/05netsharing 050proxy.gif
101.04.18 00:17 B c:\my documents\bookhnet\book\05netsharing\05netsharing.ppt --> www.netfact.com /inetpub/wwwroot/netfact/hng/book/05netsharing 05netsharing.ppt
101.04.18 00:17 B c:\my documents\bookhnet\book\05netsharing\060proxyconfig.gif --> www.netfact.com /inetpub/wwwroot/netfact/hng/book/05netsharing 060proxyconfig.gif
101.04.18 00:17 B c:\my documents\bookhnet\book\05netsharing\070lansettings.gif --> www.netfact.com /inetpub/wwwroot/netfact/hng/book/05netsharing 070lansettings.gif
101.04.18 00:17 B c:\my documents\bookhnet\book\05netsharing\070sygatemain.gif --> www.netfact.com /inetpub/wwwroot/netfact/hng/book/05netsharing 070sygatemain.gif
101.04.18 00:17 B c:\my documents\bookhnet\book\05netsharing\080sygatedhcp.gif --> www.netfact.com /inetpub/wwwroot/netfact/hng/book/05netsharing 080sygatedhcp.gif
101.04.18 00:17 B c:\my documents\bookhnet\book\05netsharing\index.htm --> www.netfact.com /inetpub/wwwroot/netfact/hng/book/05netsharing index.htm
101.04.18 00:17 B c:\my documents\bookhnet\book\05netsharing\index2.htm --> www.netfact.com /inetpub/wwwroot/netfact/hng/book/05netsharing index2.htm
101.04.18 00:17 B c:\my documents\bookhnet\book\05netsharing\WS_FTP.LOG --> www.netfact.com /inetpub/wwwroot/netfact/hng/book/05netsharing WS_FTP.LOG
102.12.03 22:01 B C:\Documents and Settings\Chuck\Desktop\netfact-archive\hng\book\05netsharing\WS_FTP.LOG <-- netfact /Inetpub/wwwroot/netfact/hng/book/05netsharing WS_FTP.LOG
