101.04.01 01:31 B c:\my documents\bookhnet\tutorials\isdn-3com\010mainpage.htm --> www.netfact.com /inetpub/wwwroot/netfact/hng/tutorials/isdn-3com 010mainpage.htm
101.04.01 01:31 B c:\my documents\bookhnet\tutorials\isdn-3com\010mainpage.not --> www.netfact.com /inetpub/wwwroot/netfact/hng/tutorials/isdn-3com 010mainpage.not
101.04.01 01:31 B c:\my documents\bookhnet\tutorials\isdn-3com\020isdnparam1.gif --> www.netfact.com /inetpub/wwwroot/netfact/hng/tutorials/isdn-3com 020isdnparam1.gif
101.04.01 01:31 B c:\my documents\bookhnet\tutorials\isdn-3com\020isdnparam1.htm --> www.netfact.com /inetpub/wwwroot/netfact/hng/tutorials/isdn-3com 020isdnparam1.htm
101.04.01 01:31 B c:\my documents\bookhnet\tutorials\isdn-3com\020isdnparam1.not --> www.netfact.com /inetpub/wwwroot/netfact/hng/tutorials/isdn-3com 020isdnparam1.not
101.04.01 01:32 B c:\my documents\bookhnet\tutorials\isdn-3com\030isdnparam2.gif --> www.netfact.com /inetpub/wwwroot/netfact/hng/tutorials/isdn-3com 030isdnparam2.gif
101.04.01 01:32 B c:\my documents\bookhnet\tutorials\isdn-3com\030isdnparam2.htm --> www.netfact.com /inetpub/wwwroot/netfact/hng/tutorials/isdn-3com 030isdnparam2.htm
101.04.01 01:32 B c:\my documents\bookhnet\tutorials\isdn-3com\030isdnparam2.not --> www.netfact.com /inetpub/wwwroot/netfact/hng/tutorials/isdn-3com 030isdnparam2.not
101.04.01 01:33 B c:\my documents\bookhnet\tutorials\isdn-3com\040dataparam.gif --> www.netfact.com /inetpub/wwwroot/netfact/hng/tutorials/isdn-3com 040dataparam.gif
101.04.01 01:33 B c:\my documents\bookhnet\tutorials\isdn-3com\040dataparam.htm --> www.netfact.com /inetpub/wwwroot/netfact/hng/tutorials/isdn-3com 040dataparam.htm
101.04.01 01:33 B c:\my documents\bookhnet\tutorials\isdn-3com\040dataparam.not --> www.netfact.com /inetpub/wwwroot/netfact/hng/tutorials/isdn-3com 040dataparam.not
101.04.01 01:33 B c:\my documents\bookhnet\tutorials\isdn-3com\050lanparms.gif --> www.netfact.com /inetpub/wwwroot/netfact/hng/tutorials/isdn-3com 050lanparms.gif
101.04.01 01:33 B c:\my documents\bookhnet\tutorials\isdn-3com\050lanparms.htm --> www.netfact.com /inetpub/wwwroot/netfact/hng/tutorials/isdn-3com 050lanparms.htm
101.04.01 01:33 B c:\my documents\bookhnet\tutorials\isdn-3com\050lanparms.not --> www.netfact.com /inetpub/wwwroot/netfact/hng/tutorials/isdn-3com 050lanparms.not
101.04.01 01:33 B c:\my documents\bookhnet\tutorials\isdn-3com\060currentcall.gif --> www.netfact.com /inetpub/wwwroot/netfact/hng/tutorials/isdn-3com 060currentcall.gif
101.04.01 01:33 B c:\my documents\bookhnet\tutorials\isdn-3com\060currentcall.htm --> www.netfact.com /inetpub/wwwroot/netfact/hng/tutorials/isdn-3com 060currentcall.htm
101.04.01 01:33 B c:\my documents\bookhnet\tutorials\isdn-3com\060currentcall.not --> www.netfact.com /inetpub/wwwroot/netfact/hng/tutorials/isdn-3com 060currentcall.not
101.04.01 01:34 B c:\my documents\bookhnet\tutorials\isdn-3com\070workstations.gif --> www.netfact.com /inetpub/wwwroot/netfact/hng/tutorials/isdn-3com 070workstations.gif
101.04.01 01:34 B c:\my documents\bookhnet\tutorials\isdn-3com\070workstations.htm --> www.netfact.com /inetpub/wwwroot/netfact/hng/tutorials/isdn-3com 070workstations.htm
101.04.01 01:34 B c:\my documents\bookhnet\tutorials\isdn-3com\070workstations.not --> www.netfact.com /inetpub/wwwroot/netfact/hng/tutorials/isdn-3com 070workstations.not
101.04.01 01:34 B c:\my documents\bookhnet\tutorials\isdn-3com\080workstaparms.gif --> www.netfact.com /inetpub/wwwroot/netfact/hng/tutorials/isdn-3com 080workstaparms.gif
101.04.01 01:34 B c:\my documents\bookhnet\tutorials\isdn-3com\080workstaparms.htm --> www.netfact.com /inetpub/wwwroot/netfact/hng/tutorials/isdn-3com 080workstaparms.htm
101.04.01 01:34 B c:\my documents\bookhnet\tutorials\isdn-3com\080workstaparms.not --> www.netfact.com /inetpub/wwwroot/netfact/hng/tutorials/isdn-3com 080workstaparms.not
101.04.01 01:34 B c:\my documents\bookhnet\tutorials\isdn-3com\090sysstats.gif --> www.netfact.com /inetpub/wwwroot/netfact/hng/tutorials/isdn-3com 090sysstats.gif
101.04.01 01:34 B c:\my documents\bookhnet\tutorials\isdn-3com\090sysstats.htm --> www.netfact.com /inetpub/wwwroot/netfact/hng/tutorials/isdn-3com 090sysstats.htm
101.04.01 01:34 B c:\my documents\bookhnet\tutorials\isdn-3com\090sysstats.not --> www.netfact.com /inetpub/wwwroot/netfact/hng/tutorials/isdn-3com 090sysstats.not
101.04.01 01:34 B c:\my documents\bookhnet\tutorials\isdn-3com\index.htm --> www.netfact.com /inetpub/wwwroot/netfact/hng/tutorials/isdn-3com index.htm
101.04.01 01:34 B c:\my documents\bookhnet\tutorials\isdn-3com\indextop.not --> www.netfact.com /inetpub/wwwroot/netfact/hng/tutorials/isdn-3com indextop.not
101.04.01 01:34 B c:\my documents\bookhnet\tutorials\isdn-3com\thumbs.htm --> www.netfact.com /inetpub/wwwroot/netfact/hng/tutorials/isdn-3com thumbs.htm
102.12.03 22:09 B C:\Documents and Settings\Chuck\Desktop\netfact-archive\hng\tutorials\isdn-3com\WS_FTP.LOG <-- netfact /Inetpub/wwwroot/netfact/hng/tutorials/isdn-3com WS_FTP.LOG
