101.04.04 22:17 B c:\my documents\bookhnet\book\04basicnet\index.htm --> www.netfact.com /inetpub/wwwroot/netfact/hng/book/04basicnet index.htm
101.04.08 00:26 B c:\my documents\bookhnet\book\04basicnet\010lanattach.gif --> www.netfact.com /inetpub/wwwroot/netfact/hng/book/04basicnet 010lanattach.gif
101.04.08 00:27 B c:\my documents\bookhnet\book\04basicnet\020ipcfglan.gif --> www.netfact.com /inetpub/wwwroot/netfact/hng/book/04basicnet 020ipcfglan.gif
101.04.08 00:27 B c:\my documents\bookhnet\book\04basicnet\025subnetmask.gif --> www.netfact.com /inetpub/wwwroot/netfact/hng/book/04basicnet 025subnetmask.gif
101.04.08 00:27 B c:\my documents\bookhnet\book\04basicnet\027netmaskbinary.gif --> www.netfact.com /inetpub/wwwroot/netfact/hng/book/04basicnet 027netmaskbinary.gif
101.04.08 00:27 B c:\my documents\bookhnet\book\04basicnet\030ipcfgnumbers.gif --> www.netfact.com /inetpub/wwwroot/netfact/hng/book/04basicnet 030ipcfgnumbers.gif
101.04.08 00:27 B c:\my documents\bookhnet\book\04basicnet\040ipmanual.gif --> www.netfact.com /inetpub/wwwroot/netfact/hng/book/04basicnet 040ipmanual.gif
101.04.08 00:27 B c:\my documents\bookhnet\book\04basicnet\04basicnet.ppt --> www.netfact.com /inetpub/wwwroot/netfact/hng/book/04basicnet 04basicnet.ppt
101.04.08 00:27 B c:\my documents\bookhnet\book\04basicnet\050networksettings.gif --> www.netfact.com /inetpub/wwwroot/netfact/hng/book/04basicnet 050networksettings.gif
101.04.08 00:27 B c:\my documents\bookhnet\book\04basicnet\060ethernetaddress.gif --> www.netfact.com /inetpub/wwwroot/netfact/hng/book/04basicnet 060ethernetaddress.gif
101.04.08 00:27 B c:\my documents\bookhnet\book\04basicnet\070pppgateway.gif --> www.netfact.com /inetpub/wwwroot/netfact/hng/book/04basicnet 070pppgateway.gif
101.04.08 00:27 B c:\my documents\bookhnet\book\04basicnet\080backbone.gif --> www.netfact.com /inetpub/wwwroot/netfact/hng/book/04basicnet 080backbone.gif
101.04.08 00:27 B c:\my documents\bookhnet\book\04basicnet\090gateway.gif --> www.netfact.com /inetpub/wwwroot/netfact/hng/book/04basicnet 090gateway.gif
101.04.08 00:28 B c:\my documents\bookhnet\book\04basicnet\index.htm --> www.netfact.com /inetpub/wwwroot/netfact/hng/book/04basicnet index.htm
101.04.08 00:28 B c:\my documents\bookhnet\book\04basicnet\WS_FTP.LOG --> www.netfact.com /inetpub/wwwroot/netfact/hng/book/04basicnet WS_FTP.LOG
101.04.08 15:09 B c:\my documents\bookhnet\book\04basicnet\010lanattach.gif --> www.netfact.com /inetpub/wwwroot/netfact/hng/book/04basicnet 010lanattach.gif
101.04.08 15:10 B c:\my documents\bookhnet\book\04basicnet\020ipcfglan.gif --> www.netfact.com /inetpub/wwwroot/netfact/hng/book/04basicnet 020ipcfglan.gif
101.04.08 15:10 B c:\my documents\bookhnet\book\04basicnet\025subnetmask.gif --> www.netfact.com /inetpub/wwwroot/netfact/hng/book/04basicnet 025subnetmask.gif
101.04.08 15:10 B c:\my documents\bookhnet\book\04basicnet\027netmaskbinary.gif --> www.netfact.com /inetpub/wwwroot/netfact/hng/book/04basicnet 027netmaskbinary.gif
101.04.08 15:10 B c:\my documents\bookhnet\book\04basicnet\030ipcfgnumbers.gif --> www.netfact.com /inetpub/wwwroot/netfact/hng/book/04basicnet 030ipcfgnumbers.gif
101.04.08 15:10 B c:\my documents\bookhnet\book\04basicnet\040ipmanual.gif --> www.netfact.com /inetpub/wwwroot/netfact/hng/book/04basicnet 040ipmanual.gif
101.04.08 15:11 B c:\my documents\bookhnet\book\04basicnet\04basicnet.ppt --> www.netfact.com /inetpub/wwwroot/netfact/hng/book/04basicnet 04basicnet.ppt
101.04.08 15:11 B c:\my documents\bookhnet\book\04basicnet\050networksettings.gif --> www.netfact.com /inetpub/wwwroot/netfact/hng/book/04basicnet 050networksettings.gif
101.04.08 15:11 B c:\my documents\bookhnet\book\04basicnet\060ethernetaddress.gif --> www.netfact.com /inetpub/wwwroot/netfact/hng/book/04basicnet 060ethernetaddress.gif
101.04.08 15:11 B c:\my documents\bookhnet\book\04basicnet\070pppgateway.gif --> www.netfact.com /inetpub/wwwroot/netfact/hng/book/04basicnet 070pppgateway.gif
101.04.08 15:11 B c:\my documents\bookhnet\book\04basicnet\080backbone.gif --> www.netfact.com /inetpub/wwwroot/netfact/hng/book/04basicnet 080backbone.gif
101.04.08 15:12 B c:\my documents\bookhnet\book\04basicnet\090gateway.gif --> www.netfact.com /inetpub/wwwroot/netfact/hng/book/04basicnet 090gateway.gif
101.04.08 15:12 B c:\my documents\bookhnet\book\04basicnet\index.htm --> www.netfact.com /inetpub/wwwroot/netfact/hng/book/04basicnet index.htm
101.04.08 15:12 B c:\my documents\bookhnet\book\04basicnet\WS_FTP.LOG --> www.netfact.com /inetpub/wwwroot/netfact/hng/book/04basicnet WS_FTP.LOG
102.12.03 22:01 B C:\Documents and Settings\Chuck\Desktop\netfact-archive\hng\book\04basicnet\WS_FTP.LOG <-- netfact /Inetpub/wwwroot/netfact/hng/book/04basicnet WS_FTP.LOG
