102.12.03 22:02 B C:\Documents and Settings\Chuck\Desktop\netfact-archive\hng\book\09usingnet\010netcontrol.bmp <-- netfact /Inetpub/wwwroot/netfact/hng/book/09usingnet 010netcontrol.bmp
102.12.03 22:02 B C:\Documents and Settings\Chuck\Desktop\netfact-archive\hng\book\09usingnet\010netcontrol.gif <-- netfact /Inetpub/wwwroot/netfact/hng/book/09usingnet 010netcontrol.gif
102.12.03 22:02 B C:\Documents and Settings\Chuck\Desktop\netfact-archive\hng\book\09usingnet\012identification.gif <-- netfact /Inetpub/wwwroot/netfact/hng/book/09usingnet 012identification.gif
102.12.03 22:02 B C:\Documents and Settings\Chuck\Desktop\netfact-archive\hng\book\09usingnet\020printershare.gif <-- netfact /Inetpub/wwwroot/netfact/hng/book/09usingnet 020printershare.gif
102.12.03 22:02 B C:\Documents and Settings\Chuck\Desktop\netfact-archive\hng\book\09usingnet\030nethood.gif <-- netfact /Inetpub/wwwroot/netfact/hng/book/09usingnet 030nethood.gif
102.12.03 22:02 B C:\Documents and Settings\Chuck\Desktop\netfact-archive\hng\book\09usingnet\040clicktoprint.gif <-- netfact /Inetpub/wwwroot/netfact/hng/book/09usingnet 040clicktoprint.gif
102.12.03 22:02 B C:\Documents and Settings\Chuck\Desktop\netfact-archive\hng\book\09usingnet\050sharedisk.gif <-- netfact /Inetpub/wwwroot/netfact/hng/book/09usingnet 050sharedisk.gif
102.12.03 22:02 B C:\Documents and Settings\Chuck\Desktop\netfact-archive\hng\book\09usingnet\060mapdisk.gif <-- netfact /Inetpub/wwwroot/netfact/hng/book/09usingnet 060mapdisk.gif
102.12.03 22:02 B C:\Documents and Settings\Chuck\Desktop\netfact-archive\hng\book\09usingnet\070findcomputer.gif <-- netfact /Inetpub/wwwroot/netfact/hng/book/09usingnet 070findcomputer.gif
102.12.03 22:02 B C:\Documents and Settings\Chuck\Desktop\netfact-archive\hng\book\09usingnet\080standalone.gif <-- netfact /Inetpub/wwwroot/netfact/hng/book/09usingnet 080standalone.gif
102.12.03 22:02 B C:\Documents and Settings\Chuck\Desktop\netfact-archive\hng\book\09usingnet\090servtyp.gif <-- netfact /Inetpub/wwwroot/netfact/hng/book/09usingnet 090servtyp.gif
102.12.03 22:02 B C:\Documents and Settings\Chuck\Desktop\netfact-archive\hng\book\09usingnet\09usingnet.htm <-- netfact /Inetpub/wwwroot/netfact/hng/book/09usingnet 09usingnet.htm
102.12.03 22:02 B C:\Documents and Settings\Chuck\Desktop\netfact-archive\hng\book\09usingnet\09usingnet.ppt <-- netfact /Inetpub/wwwroot/netfact/hng/book/09usingnet 09usingnet.ppt
102.12.03 22:02 B C:\Documents and Settings\Chuck\Desktop\netfact-archive\hng\book\09usingnet\100jetdirect.gif <-- netfact /Inetpub/wwwroot/netfact/hng/book/09usingnet 100jetdirect.gif
102.12.03 22:02 B C:\Documents and Settings\Chuck\Desktop\netfact-archive\hng\book\09usingnet\110addipx.gif <-- netfact /Inetpub/wwwroot/netfact/hng/book/09usingnet 110addipx.gif
102.12.03 22:02 B C:\Documents and Settings\Chuck\Desktop\netfact-archive\hng\book\09usingnet\120intranet.gif <-- netfact /Inetpub/wwwroot/netfact/hng/book/09usingnet 120intranet.gif
102.12.03 22:02 B C:\Documents and Settings\Chuck\Desktop\netfact-archive\hng\book\09usingnet\120ipxfram.gif <-- netfact /Inetpub/wwwroot/netfact/hng/book/09usingnet 120ipxfram.gif
102.12.03 22:02 B C:\Documents and Settings\Chuck\Desktop\netfact-archive\hng\book\09usingnet\130vpnnet.gif <-- netfact /Inetpub/wwwroot/netfact/hng/book/09usingnet 130vpnnet.gif
102.12.03 22:02 B C:\Documents and Settings\Chuck\Desktop\netfact-archive\hng\book\09usingnet\140homevpn.gif <-- netfact /Inetpub/wwwroot/netfact/hng/book/09usingnet 140homevpn.gif
102.12.03 22:02 B C:\Documents and Settings\Chuck\Desktop\netfact-archive\hng\book\09usingnet\150addvpn.gif <-- netfact /Inetpub/wwwroot/netfact/hng/book/09usingnet 150addvpn.gif
