100.07.04 13:06 B C:\My Documents\CRS\bookhnet\firstnet\010foundnetcard.gif --> www.netfact.com /inetpub/wwwroot/netfact/hng/tutorials/firstnet 010foundnetcard.gif
100.07.04 13:06 B C:\My Documents\CRS\bookhnet\firstnet\010foundnetcard.htm --> www.netfact.com /inetpub/wwwroot/netfact/hng/tutorials/firstnet 010foundnetcard.htm
100.07.04 13:06 B C:\My Documents\CRS\bookhnet\firstnet\010foundnetcard.not --> www.netfact.com /inetpub/wwwroot/netfact/hng/tutorials/firstnet 010foundnetcard.not
100.07.04 13:06 B C:\My Documents\CRS\bookhnet\firstnet\020searchdrivers.gif --> www.netfact.com /inetpub/wwwroot/netfact/hng/tutorials/firstnet 020searchdrivers.gif
100.07.04 13:06 B C:\My Documents\CRS\bookhnet\firstnet\020searchdrivers.htm --> www.netfact.com /inetpub/wwwroot/netfact/hng/tutorials/firstnet 020searchdrivers.htm
100.07.04 13:06 B C:\My Documents\CRS\bookhnet\firstnet\020searchdrivers.not --> www.netfact.com /inetpub/wwwroot/netfact/hng/tutorials/firstnet 020searchdrivers.not
100.07.04 13:06 B C:\My Documents\CRS\bookhnet\firstnet\030searchfloppy.gif --> www.netfact.com /inetpub/wwwroot/netfact/hng/tutorials/firstnet 030searchfloppy.gif
100.07.04 13:06 B C:\My Documents\CRS\bookhnet\firstnet\030searchfloppy.htm --> www.netfact.com /inetpub/wwwroot/netfact/hng/tutorials/firstnet 030searchfloppy.htm
100.07.04 13:06 B C:\My Documents\CRS\bookhnet\firstnet\030searchfloppy.not --> www.netfact.com /inetpub/wwwroot/netfact/hng/tutorials/firstnet 030searchfloppy.not
100.07.04 13:06 B C:\My Documents\CRS\bookhnet\firstnet\040founddriver.gif --> www.netfact.com /inetpub/wwwroot/netfact/hng/tutorials/firstnet 040founddriver.gif
100.07.04 13:06 B C:\My Documents\CRS\bookhnet\firstnet\040founddriver.htm --> www.netfact.com /inetpub/wwwroot/netfact/hng/tutorials/firstnet 040founddriver.htm
100.07.04 13:06 B C:\My Documents\CRS\bookhnet\firstnet\040founddriver.not --> www.netfact.com /inetpub/wwwroot/netfact/hng/tutorials/firstnet 040founddriver.not
100.07.04 13:06 B C:\My Documents\CRS\bookhnet\firstnet\050insertcd.gif --> www.netfact.com /inetpub/wwwroot/netfact/hng/tutorials/firstnet 050insertcd.gif
100.07.04 13:06 B C:\My Documents\CRS\bookhnet\firstnet\050insertcd.htm --> www.netfact.com /inetpub/wwwroot/netfact/hng/tutorials/firstnet 050insertcd.htm
100.07.04 13:06 B C:\My Documents\CRS\bookhnet\firstnet\050insertcd.not --> www.netfact.com /inetpub/wwwroot/netfact/hng/tutorials/firstnet 050insertcd.not
100.07.04 13:06 B C:\My Documents\CRS\bookhnet\firstnet\060copyingnetfiles.gif --> www.netfact.com /inetpub/wwwroot/netfact/hng/tutorials/firstnet 060copyingnetfiles.gif
100.07.04 13:06 B C:\My Documents\CRS\bookhnet\firstnet\060copyingnetfiles.htm --> www.netfact.com /inetpub/wwwroot/netfact/hng/tutorials/firstnet 060copyingnetfiles.htm
100.07.04 13:06 B C:\My Documents\CRS\bookhnet\firstnet\060copyingnetfiles.not --> www.netfact.com /inetpub/wwwroot/netfact/hng/tutorials/firstnet 060copyingnetfiles.not
100.07.04 13:06 B C:\My Documents\CRS\bookhnet\firstnet\070switchbacktoadrive.gif --> www.netfact.com /inetpub/wwwroot/netfact/hng/tutorials/firstnet 070switchbacktoadrive.gif
100.07.04 13:06 B C:\My Documents\CRS\bookhnet\firstnet\070switchbacktoadrive.htm --> www.netfact.com /inetpub/wwwroot/netfact/hng/tutorials/firstnet 070switchbacktoadrive.htm
100.07.04 13:06 B C:\My Documents\CRS\bookhnet\firstnet\070switchbacktoadrive.not --> www.netfact.com /inetpub/wwwroot/netfact/hng/tutorials/firstnet 070switchbacktoadrive.not
100.07.04 13:06 B C:\My Documents\CRS\bookhnet\firstnet\080alldonepressfinish.gif --> www.netfact.com /inetpub/wwwroot/netfact/hng/tutorials/firstnet 080alldonepressfinish.gif
100.07.04 13:06 B C:\My Documents\CRS\bookhnet\firstnet\080alldonepressfinish.htm --> www.netfact.com /inetpub/wwwroot/netfact/hng/tutorials/firstnet 080alldonepressfinish.htm
100.07.04 13:06 B C:\My Documents\CRS\bookhnet\firstnet\080alldonepressfinish.not --> www.netfact.com /inetpub/wwwroot/netfact/hng/tutorials/firstnet 080alldonepressfinish.not
100.07.04 13:06 B C:\My Documents\CRS\bookhnet\firstnet\090restartyes.gif --> www.netfact.com /inetpub/wwwroot/netfact/hng/tutorials/firstnet 090restartyes.gif
100.07.04 13:06 B C:\My Documents\CRS\bookhnet\firstnet\090restartyes.htm --> www.netfact.com /inetpub/wwwroot/netfact/hng/tutorials/firstnet 090restartyes.htm
100.07.04 13:06 B C:\My Documents\CRS\bookhnet\firstnet\090restartyes.not --> www.netfact.com /inetpub/wwwroot/netfact/hng/tutorials/firstnet 090restartyes.not
100.07.04 13:06 B C:\My Documents\CRS\bookhnet\firstnet\110networkproperties.gif --> www.netfact.com /inetpub/wwwroot/netfact/hng/tutorials/firstnet 110networkproperties.gif
100.07.04 13:06 B C:\My Documents\CRS\bookhnet\firstnet\110networkproperties.htm --> www.netfact.com /inetpub/wwwroot/netfact/hng/tutorials/firstnet 110networkproperties.htm
100.07.04 13:06 B C:\My Documents\CRS\bookhnet\firstnet\110networkproperties.not --> www.netfact.com /inetpub/wwwroot/netfact/hng/tutorials/firstnet 110networkproperties.not
100.07.04 13:06 B C:\My Documents\CRS\bookhnet\firstnet\120removetcpiplan.gif --> www.netfact.com /inetpub/wwwroot/netfact/hng/tutorials/firstnet 120removetcpiplan.gif
100.07.04 13:06 B C:\My Documents\CRS\bookhnet\firstnet\120removetcpiplan.htm --> www.netfact.com /inetpub/wwwroot/netfact/hng/tutorials/firstnet 120removetcpiplan.htm
100.07.04 13:06 B C:\My Documents\CRS\bookhnet\firstnet\120removetcpiplan.not --> www.netfact.com /inetpub/wwwroot/netfact/hng/tutorials/firstnet 120removetcpiplan.not
100.07.04 13:06 B C:\My Documents\CRS\bookhnet\firstnet\130pressedaddprotocol.gif --> www.netfact.com /inetpub/wwwroot/netfact/hng/tutorials/firstnet 130pressedaddprotocol.gif
100.07.04 13:06 B C:\My Documents\CRS\bookhnet\firstnet\130pressedaddprotocol.htm --> www.netfact.com /inetpub/wwwroot/netfact/hng/tutorials/firstnet 130pressedaddprotocol.htm
100.07.04 13:06 B C:\My Documents\CRS\bookhnet\firstnet\130pressedaddprotocol.not --> www.netfact.com /inetpub/wwwroot/netfact/hng/tutorials/firstnet 130pressedaddprotocol.not
100.07.04 13:06 B C:\My Documents\CRS\bookhnet\firstnet\140addingmicrosoftnetbeui.gif --> www.netfact.com /inetpub/wwwroot/netfact/hng/tutorials/firstnet 140addingmicrosoftnetbeui.gif
100.07.04 13:06 B C:\My Documents\CRS\bookhnet\firstnet\140addingmicrosoftnetbeui.htm --> www.netfact.com /inetpub/wwwroot/netfact/hng/tutorials/firstnet 140addingmicrosoftnetbeui.htm
100.07.04 13:06 B C:\My Documents\CRS\bookhnet\firstnet\140addingmicrosoftnetbeui.not --> www.netfact.com /inetpub/wwwroot/netfact/hng/tutorials/firstnet 140addingmicrosoftnetbeui.not
100.07.04 13:06 B C:\My Documents\CRS\bookhnet\firstnet\150removenetbeuidialup.gif --> www.netfact.com /inetpub/wwwroot/netfact/hng/tutorials/firstnet 150removenetbeuidialup.gif
100.07.04 13:06 B C:\My Documents\CRS\bookhnet\firstnet\150removenetbeuidialup.htm --> www.netfact.com /inetpub/wwwroot/netfact/hng/tutorials/firstnet 150removenetbeuidialup.htm
100.07.04 13:06 B C:\My Documents\CRS\bookhnet\firstnet\150removenetbeuidialup.not --> www.netfact.com /inetpub/wwwroot/netfact/hng/tutorials/firstnet 150removenetbeuidialup.not
100.07.04 13:06 B C:\My Documents\CRS\bookhnet\firstnet\160finalconfigurationpressok.gif --> www.netfact.com /inetpub/wwwroot/netfact/hng/tutorials/firstnet 160finalconfigurationpressok.gif
100.07.04 13:06 B C:\My Documents\CRS\bookhnet\firstnet\160finalconfigurationpressok.htm --> www.netfact.com /inetpub/wwwroot/netfact/hng/tutorials/firstnet 160finalconfigurationpressok.htm
100.07.04 13:06 B C:\My Documents\CRS\bookhnet\firstnet\160finalconfigurationpressok.not --> www.netfact.com /inetpub/wwwroot/netfact/hng/tutorials/firstnet 160finalconfigurationpressok.not
100.07.04 13:06 B C:\My Documents\CRS\bookhnet\firstnet\170insertcdrom.gif --> www.netfact.com /inetpub/wwwroot/netfact/hng/tutorials/firstnet 170insertcdrom.gif
100.07.04 13:06 B C:\My Documents\CRS\bookhnet\firstnet\170insertcdrom.htm --> www.netfact.com /inetpub/wwwroot/netfact/hng/tutorials/firstnet 170insertcdrom.htm
100.07.04 13:06 B C:\My Documents\CRS\bookhnet\firstnet\170insertcdrom.not --> www.netfact.com /inetpub/wwwroot/netfact/hng/tutorials/firstnet 170insertcdrom.not
100.07.04 13:06 B C:\My Documents\CRS\bookhnet\firstnet\180loginscreen.gif --> www.netfact.com /inetpub/wwwroot/netfact/hng/tutorials/firstnet 180loginscreen.gif
100.07.04 13:06 B C:\My Documents\CRS\bookhnet\firstnet\180loginscreen.htm --> www.netfact.com /inetpub/wwwroot/netfact/hng/tutorials/firstnet 180loginscreen.htm
100.07.04 13:06 B C:\My Documents\CRS\bookhnet\firstnet\180loginscreen.not --> www.netfact.com /inetpub/wwwroot/netfact/hng/tutorials/firstnet 180loginscreen.not
100.07.04 13:06 B C:\My Documents\CRS\bookhnet\firstnet\200rightclickproperties.gif --> www.netfact.com /inetpub/wwwroot/netfact/hng/tutorials/firstnet 200rightclickproperties.gif
100.07.04 13:06 B C:\My Documents\CRS\bookhnet\firstnet\200rightclickproperties.htm --> www.netfact.com /inetpub/wwwroot/netfact/hng/tutorials/firstnet 200rightclickproperties.htm
100.07.04 13:06 B C:\My Documents\CRS\bookhnet\firstnet\200rightclickproperties.not --> www.netfact.com /inetpub/wwwroot/netfact/hng/tutorials/firstnet 200rightclickproperties.not
100.07.04 13:06 B C:\My Documents\CRS\bookhnet\firstnet\210identificationworkgroup.gif --> www.netfact.com /inetpub/wwwroot/netfact/hng/tutorials/firstnet 210identificationworkgroup.gif
100.07.04 13:06 B C:\My Documents\CRS\bookhnet\firstnet\210identificationworkgroup.htm --> www.netfact.com /inetpub/wwwroot/netfact/hng/tutorials/firstnet 210identificationworkgroup.htm
100.07.04 13:06 B C:\My Documents\CRS\bookhnet\firstnet\210identificationworkgroup.not --> www.netfact.com /inetpub/wwwroot/netfact/hng/tutorials/firstnet 210identificationworkgroup.not
100.07.04 13:07 B C:\My Documents\CRS\bookhnet\firstnet\220accessleavealone.gif --> www.netfact.com /inetpub/wwwroot/netfact/hng/tutorials/firstnet 220accessleavealone.gif
100.07.04 13:07 B C:\My Documents\CRS\bookhnet\firstnet\220accessleavealone.htm --> www.netfact.com /inetpub/wwwroot/netfact/hng/tutorials/firstnet 220accessleavealone.htm
100.07.04 13:07 B C:\My Documents\CRS\bookhnet\firstnet\220accessleavealone.not --> www.netfact.com /inetpub/wwwroot/netfact/hng/tutorials/firstnet 220accessleavealone.not
100.07.04 13:07 B C:\My Documents\CRS\bookhnet\firstnet\230configurationpresssharing.gif --> www.netfact.com /inetpub/wwwroot/netfact/hng/tutorials/firstnet 230configurationpresssharing.gif
100.07.04 13:07 B C:\My Documents\CRS\bookhnet\firstnet\230configurationpresssharing.htm --> www.netfact.com /inetpub/wwwroot/netfact/hng/tutorials/firstnet 230configurationpresssharing.htm
100.07.04 13:07 B C:\My Documents\CRS\bookhnet\firstnet\230configurationpresssharing.not --> www.netfact.com /inetpub/wwwroot/netfact/hng/tutorials/firstnet 230configurationpresssharing.not
100.07.04 13:07 B C:\My Documents\CRS\bookhnet\firstnet\240fileandprintsharingchecked.gif --> www.netfact.com /inetpub/wwwroot/netfact/hng/tutorials/firstnet 240fileandprintsharingchecked.gif
100.07.04 13:07 B C:\My Documents\CRS\bookhnet\firstnet\240fileandprintsharingchecked.htm --> www.netfact.com /inetpub/wwwroot/netfact/hng/tutorials/firstnet 240fileandprintsharingchecked.htm
100.07.04 13:07 B C:\My Documents\CRS\bookhnet\firstnet\240fileandprintsharingchecked.not --> www.netfact.com /inetpub/wwwroot/netfact/hng/tutorials/firstnet 240fileandprintsharingchecked.not
100.07.04 13:07 B C:\My Documents\CRS\bookhnet\firstnet\270othersystemnameconfiguration.gif --> www.netfact.com /inetpub/wwwroot/netfact/hng/tutorials/firstnet 270othersystemnameconfiguration.gif
100.07.04 13:07 B C:\My Documents\CRS\bookhnet\firstnet\270othersystemnameconfiguration.htm --> www.netfact.com /inetpub/wwwroot/netfact/hng/tutorials/firstnet 270othersystemnameconfiguration.htm
100.07.04 13:07 B C:\My Documents\CRS\bookhnet\firstnet\270othersystemnameconfiguration.not --> www.netfact.com /inetpub/wwwroot/netfact/hng/tutorials/firstnet 270othersystemnameconfiguration.not
100.07.04 13:07 B C:\My Documents\CRS\bookhnet\firstnet\280browsenetworkneigborhood.gif --> www.netfact.com /inetpub/wwwroot/netfact/hng/tutorials/firstnet 280browsenetworkneigborhood.gif
100.07.04 13:07 B C:\My Documents\CRS\bookhnet\firstnet\280browsenetworkneigborhood.htm --> www.netfact.com /inetpub/wwwroot/netfact/hng/tutorials/firstnet 280browsenetworkneigborhood.htm
100.07.04 13:07 B C:\My Documents\CRS\bookhnet\firstnet\280browsenetworkneigborhood.not --> www.netfact.com /inetpub/wwwroot/netfact/hng/tutorials/firstnet 280browsenetworkneigborhood.not
100.07.04 13:07 B C:\My Documents\CRS\bookhnet\firstnet\290sharingcdrive.gif --> www.netfact.com /inetpub/wwwroot/netfact/hng/tutorials/firstnet 290sharingcdrive.gif
100.07.04 13:07 B C:\My Documents\CRS\bookhnet\firstnet\290sharingcdrive.htm --> www.netfact.com /inetpub/wwwroot/netfact/hng/tutorials/firstnet 290sharingcdrive.htm
100.07.04 13:07 B C:\My Documents\CRS\bookhnet\firstnet\290sharingcdrive.not --> www.netfact.com /inetpub/wwwroot/netfact/hng/tutorials/firstnet 290sharingcdrive.not
100.07.04 13:07 B C:\My Documents\CRS\bookhnet\firstnet\300fullsharing.gif --> www.netfact.com /inetpub/wwwroot/netfact/hng/tutorials/firstnet 300fullsharing.gif
100.07.04 13:07 B C:\My Documents\CRS\bookhnet\firstnet\300fullsharing.htm --> www.netfact.com /inetpub/wwwroot/netfact/hng/tutorials/firstnet 300fullsharing.htm
100.07.04 13:07 B C:\My Documents\CRS\bookhnet\firstnet\300fullsharing.not --> www.netfact.com /inetpub/wwwroot/netfact/hng/tutorials/firstnet 300fullsharing.not
100.07.04 13:07 B C:\My Documents\CRS\bookhnet\firstnet\310cisnowshared.gif --> www.netfact.com /inetpub/wwwroot/netfact/hng/tutorials/firstnet 310cisnowshared.gif
100.07.04 13:07 B C:\My Documents\CRS\bookhnet\firstnet\310cisnowshared.htm --> www.netfact.com /inetpub/wwwroot/netfact/hng/tutorials/firstnet 310cisnowshared.htm
100.07.04 13:07 B C:\My Documents\CRS\bookhnet\firstnet\310cisnowshared.not --> www.netfact.com /inetpub/wwwroot/netfact/hng/tutorials/firstnet 310cisnowshared.not
100.07.04 13:07 B C:\My Documents\CRS\bookhnet\firstnet\320sharingtheprinter.gif --> www.netfact.com /inetpub/wwwroot/netfact/hng/tutorials/firstnet 320sharingtheprinter.gif
100.07.04 13:07 B C:\My Documents\CRS\bookhnet\firstnet\320sharingtheprinter.htm --> www.netfact.com /inetpub/wwwroot/netfact/hng/tutorials/firstnet 320sharingtheprinter.htm
100.07.04 13:07 B C:\My Documents\CRS\bookhnet\firstnet\320sharingtheprinter.not --> www.netfact.com /inetpub/wwwroot/netfact/hng/tutorials/firstnet 320sharingtheprinter.not
100.07.04 13:07 B C:\My Documents\CRS\bookhnet\firstnet\330sharedwithoutpassword.gif --> www.netfact.com /inetpub/wwwroot/netfact/hng/tutorials/firstnet 330sharedwithoutpassword.gif
100.07.04 13:07 B C:\My Documents\CRS\bookhnet\firstnet\330sharedwithoutpassword.htm --> www.netfact.com /inetpub/wwwroot/netfact/hng/tutorials/firstnet 330sharedwithoutpassword.htm
100.07.04 13:07 B C:\My Documents\CRS\bookhnet\firstnet\330sharedwithoutpassword.not --> www.netfact.com /inetpub/wwwroot/netfact/hng/tutorials/firstnet 330sharedwithoutpassword.not
100.07.04 13:07 B C:\My Documents\CRS\bookhnet\firstnet\340printerisnowshared.gif --> www.netfact.com /inetpub/wwwroot/netfact/hng/tutorials/firstnet 340printerisnowshared.gif
100.07.04 13:07 B C:\My Documents\CRS\bookhnet\firstnet\340printerisnowshared.htm --> www.netfact.com /inetpub/wwwroot/netfact/hng/tutorials/firstnet 340printerisnowshared.htm
100.07.04 13:07 B C:\My Documents\CRS\bookhnet\firstnet\340printerisnowshared.not --> www.netfact.com /inetpub/wwwroot/netfact/hng/tutorials/firstnet 340printerisnowshared.not
100.07.04 13:07 B C:\My Documents\CRS\bookhnet\firstnet\500networkneighborhood.gif --> www.netfact.com /inetpub/wwwroot/netfact/hng/tutorials/firstnet 500networkneighborhood.gif
100.07.04 13:07 B C:\My Documents\CRS\bookhnet\firstnet\500networkneighborhood.htm --> www.netfact.com /inetpub/wwwroot/netfact/hng/tutorials/firstnet 500networkneighborhood.htm
100.07.04 13:07 B C:\My Documents\CRS\bookhnet\firstnet\500networkneighborhood.not --> www.netfact.com /inetpub/wwwroot/netfact/hng/tutorials/firstnet 500networkneighborhood.not
100.07.04 13:07 B C:\My Documents\CRS\bookhnet\firstnet\510clickonc.gif --> www.netfact.com /inetpub/wwwroot/netfact/hng/tutorials/firstnet 510clickonc.gif
100.07.04 13:07 B C:\My Documents\CRS\bookhnet\firstnet\510clickonc.htm --> www.netfact.com /inetpub/wwwroot/netfact/hng/tutorials/firstnet 510clickonc.htm
100.07.04 13:07 B C:\My Documents\CRS\bookhnet\firstnet\510clickonc.not --> www.netfact.com /inetpub/wwwroot/netfact/hng/tutorials/firstnet 510clickonc.not
100.07.04 13:07 B C:\My Documents\CRS\bookhnet\firstnet\520entersharepassword.gif --> www.netfact.com /inetpub/wwwroot/netfact/hng/tutorials/firstnet 520entersharepassword.gif
100.07.04 13:07 B C:\My Documents\CRS\bookhnet\firstnet\520entersharepassword.htm --> www.netfact.com /inetpub/wwwroot/netfact/hng/tutorials/firstnet 520entersharepassword.htm
100.07.04 13:07 B C:\My Documents\CRS\bookhnet\firstnet\520entersharepassword.not --> www.netfact.com /inetpub/wwwroot/netfact/hng/tutorials/firstnet 520entersharepassword.not
100.07.04 13:07 B C:\My Documents\CRS\bookhnet\firstnet\530browsefiles.gif --> www.netfact.com /inetpub/wwwroot/netfact/hng/tutorials/firstnet 530browsefiles.gif
100.07.04 13:07 B C:\My Documents\CRS\bookhnet\firstnet\530browsefiles.htm --> www.netfact.com /inetpub/wwwroot/netfact/hng/tutorials/firstnet 530browsefiles.htm
100.07.04 13:07 B C:\My Documents\CRS\bookhnet\firstnet\530browsefiles.not --> www.netfact.com /inetpub/wwwroot/netfact/hng/tutorials/firstnet 530browsefiles.not
100.07.04 13:07 B C:\My Documents\CRS\bookhnet\firstnet\540mapnetworkdrive.gif --> www.netfact.com /inetpub/wwwroot/netfact/hng/tutorials/firstnet 540mapnetworkdrive.gif
100.07.04 13:07 B C:\My Documents\CRS\bookhnet\firstnet\540mapnetworkdrive.htm --> www.netfact.com /inetpub/wwwroot/netfact/hng/tutorials/firstnet 540mapnetworkdrive.htm
100.07.04 13:07 B C:\My Documents\CRS\bookhnet\firstnet\540mapnetworkdrive.not --> www.netfact.com /inetpub/wwwroot/netfact/hng/tutorials/firstnet 540mapnetworkdrive.not
100.07.04 13:07 B C:\My Documents\CRS\bookhnet\firstnet\550whichdrivetomap.gif --> www.netfact.com /inetpub/wwwroot/netfact/hng/tutorials/firstnet 550whichdrivetomap.gif
100.07.04 13:07 B C:\My Documents\CRS\bookhnet\firstnet\550whichdrivetomap.htm --> www.netfact.com /inetpub/wwwroot/netfact/hng/tutorials/firstnet 550whichdrivetomap.htm
100.07.04 13:07 B C:\My Documents\CRS\bookhnet\firstnet\550whichdrivetomap.not --> www.netfact.com /inetpub/wwwroot/netfact/hng/tutorials/firstnet 550whichdrivetomap.not
100.07.04 13:08 B C:\My Documents\CRS\bookhnet\firstnet\560newedrive.gif --> www.netfact.com /inetpub/wwwroot/netfact/hng/tutorials/firstnet 560newedrive.gif
100.07.04 13:08 B C:\My Documents\CRS\bookhnet\firstnet\560newedrive.htm --> www.netfact.com /inetpub/wwwroot/netfact/hng/tutorials/firstnet 560newedrive.htm
100.07.04 13:08 B C:\My Documents\CRS\bookhnet\firstnet\560newedrive.not --> www.netfact.com /inetpub/wwwroot/netfact/hng/tutorials/firstnet 560newedrive.not
100.07.04 13:08 B C:\My Documents\CRS\bookhnet\firstnet\570installprinter.gif --> www.netfact.com /inetpub/wwwroot/netfact/hng/tutorials/firstnet 570installprinter.gif
100.07.04 13:08 B C:\My Documents\CRS\bookhnet\firstnet\570installprinter.htm --> www.netfact.com /inetpub/wwwroot/netfact/hng/tutorials/firstnet 570installprinter.htm
100.07.04 13:08 B C:\My Documents\CRS\bookhnet\firstnet\570installprinter.not --> www.netfact.com /inetpub/wwwroot/netfact/hng/tutorials/firstnet 570installprinter.not
100.07.04 13:08 B C:\My Documents\CRS\bookhnet\firstnet\faq.htm --> www.netfact.com /inetpub/wwwroot/netfact/hng/tutorials/firstnet faq.htm
100.07.04 13:08 B C:\My Documents\CRS\bookhnet\firstnet\index.htm --> www.netfact.com /inetpub/wwwroot/netfact/hng/tutorials/firstnet index.htm
100.07.04 13:08 B C:\My Documents\CRS\bookhnet\firstnet\indexbot.not --> www.netfact.com /inetpub/wwwroot/netfact/hng/tutorials/firstnet indexbot.not
100.07.04 13:08 B C:\My Documents\CRS\bookhnet\firstnet\indextop.not --> www.netfact.com /inetpub/wwwroot/netfact/hng/tutorials/firstnet indextop.not
100.07.04 14:34 B C:\My Documents\CRS\bookhnet\firstnet\010foundnetcard.gif --> www.netfact.com /inetpub/wwwroot/netfact/hng/tutorials/firstnet 010foundnetcard.gif
100.07.04 14:34 B C:\My Documents\CRS\bookhnet\firstnet\010foundnetcard.htm --> www.netfact.com /inetpub/wwwroot/netfact/hng/tutorials/firstnet 010foundnetcard.htm
100.07.04 14:34 B C:\My Documents\CRS\bookhnet\firstnet\010foundnetcard.not --> www.netfact.com /inetpub/wwwroot/netfact/hng/tutorials/firstnet 010foundnetcard.not
100.07.04 14:34 B C:\My Documents\CRS\bookhnet\firstnet\020searchdrivers.gif --> www.netfact.com /inetpub/wwwroot/netfact/hng/tutorials/firstnet 020searchdrivers.gif
100.07.04 14:34 B C:\My Documents\CRS\bookhnet\firstnet\020searchdrivers.htm --> www.netfact.com /inetpub/wwwroot/netfact/hng/tutorials/firstnet 020searchdrivers.htm
100.07.04 14:34 B C:\My Documents\CRS\bookhnet\firstnet\020searchdrivers.not --> www.netfact.com /inetpub/wwwroot/netfact/hng/tutorials/firstnet 020searchdrivers.not
100.07.04 14:34 B C:\My Documents\CRS\bookhnet\firstnet\030searchfloppy.gif --> www.netfact.com /inetpub/wwwroot/netfact/hng/tutorials/firstnet 030searchfloppy.gif
100.07.04 14:34 B C:\My Documents\CRS\bookhnet\firstnet\030searchfloppy.htm --> www.netfact.com /inetpub/wwwroot/netfact/hng/tutorials/firstnet 030searchfloppy.htm
100.07.04 14:34 B C:\My Documents\CRS\bookhnet\firstnet\030searchfloppy.not --> www.netfact.com /inetpub/wwwroot/netfact/hng/tutorials/firstnet 030searchfloppy.not
100.07.04 14:34 B C:\My Documents\CRS\bookhnet\firstnet\040founddriver.gif --> www.netfact.com /inetpub/wwwroot/netfact/hng/tutorials/firstnet 040founddriver.gif
100.07.04 14:34 B C:\My Documents\CRS\bookhnet\firstnet\040founddriver.htm --> www.netfact.com /inetpub/wwwroot/netfact/hng/tutorials/firstnet 040founddriver.htm
100.07.04 14:34 B C:\My Documents\CRS\bookhnet\firstnet\040founddriver.not --> www.netfact.com /inetpub/wwwroot/netfact/hng/tutorials/firstnet 040founddriver.not
100.07.04 14:34 B C:\My Documents\CRS\bookhnet\firstnet\050insertcd.gif --> www.netfact.com /inetpub/wwwroot/netfact/hng/tutorials/firstnet 050insertcd.gif
100.07.04 14:34 B C:\My Documents\CRS\bookhnet\firstnet\050insertcd.htm --> www.netfact.com /inetpub/wwwroot/netfact/hng/tutorials/firstnet 050insertcd.htm
100.07.04 14:34 B C:\My Documents\CRS\bookhnet\firstnet\050insertcd.not --> www.netfact.com /inetpub/wwwroot/netfact/hng/tutorials/firstnet 050insertcd.not
100.07.04 14:34 B C:\My Documents\CRS\bookhnet\firstnet\060copyingnetfiles.gif --> www.netfact.com /inetpub/wwwroot/netfact/hng/tutorials/firstnet 060copyingnetfiles.gif
100.07.04 14:34 B C:\My Documents\CRS\bookhnet\firstnet\060copyingnetfiles.htm --> www.netfact.com /inetpub/wwwroot/netfact/hng/tutorials/firstnet 060copyingnetfiles.htm
100.07.04 14:34 B C:\My Documents\CRS\bookhnet\firstnet\060copyingnetfiles.not --> www.netfact.com /inetpub/wwwroot/netfact/hng/tutorials/firstnet 060copyingnetfiles.not
100.07.04 14:34 B C:\My Documents\CRS\bookhnet\firstnet\070switchbacktoadrive.gif --> www.netfact.com /inetpub/wwwroot/netfact/hng/tutorials/firstnet 070switchbacktoadrive.gif
100.07.04 14:34 B C:\My Documents\CRS\bookhnet\firstnet\070switchbacktoadrive.htm --> www.netfact.com /inetpub/wwwroot/netfact/hng/tutorials/firstnet 070switchbacktoadrive.htm
100.07.04 14:35 B C:\My Documents\CRS\bookhnet\firstnet\070switchbacktoadrive.not --> www.netfact.com /inetpub/wwwroot/netfact/hng/tutorials/firstnet 070switchbacktoadrive.not
100.07.04 14:35 B C:\My Documents\CRS\bookhnet\firstnet\080alldonepressfinish.gif --> www.netfact.com /inetpub/wwwroot/netfact/hng/tutorials/firstnet 080alldonepressfinish.gif
100.07.04 14:35 B C:\My Documents\CRS\bookhnet\firstnet\080alldonepressfinish.htm --> www.netfact.com /inetpub/wwwroot/netfact/hng/tutorials/firstnet 080alldonepressfinish.htm
100.07.04 14:35 B C:\My Documents\CRS\bookhnet\firstnet\080alldonepressfinish.not --> www.netfact.com /inetpub/wwwroot/netfact/hng/tutorials/firstnet 080alldonepressfinish.not
100.07.04 14:35 B C:\My Documents\CRS\bookhnet\firstnet\090restartyes.gif --> www.netfact.com /inetpub/wwwroot/netfact/hng/tutorials/firstnet 090restartyes.gif
100.07.04 14:35 B C:\My Documents\CRS\bookhnet\firstnet\090restartyes.htm --> www.netfact.com /inetpub/wwwroot/netfact/hng/tutorials/firstnet 090restartyes.htm
100.07.04 14:35 B C:\My Documents\CRS\bookhnet\firstnet\090restartyes.not --> www.netfact.com /inetpub/wwwroot/netfact/hng/tutorials/firstnet 090restartyes.not
100.07.04 14:35 B C:\My Documents\CRS\bookhnet\firstnet\110networkproperties.gif --> www.netfact.com /inetpub/wwwroot/netfact/hng/tutorials/firstnet 110networkproperties.gif
100.07.04 14:35 B C:\My Documents\CRS\bookhnet\firstnet\110networkproperties.htm --> www.netfact.com /inetpub/wwwroot/netfact/hng/tutorials/firstnet 110networkproperties.htm
100.07.04 14:35 B C:\My Documents\CRS\bookhnet\firstnet\110networkproperties.not --> www.netfact.com /inetpub/wwwroot/netfact/hng/tutorials/firstnet 110networkproperties.not
100.07.04 14:35 B C:\My Documents\CRS\bookhnet\firstnet\120removetcpiplan.gif --> www.netfact.com /inetpub/wwwroot/netfact/hng/tutorials/firstnet 120removetcpiplan.gif
100.07.04 14:35 B C:\My Documents\CRS\bookhnet\firstnet\120removetcpiplan.htm --> www.netfact.com /inetpub/wwwroot/netfact/hng/tutorials/firstnet 120removetcpiplan.htm
100.07.04 14:35 B C:\My Documents\CRS\bookhnet\firstnet\120removetcpiplan.not --> www.netfact.com /inetpub/wwwroot/netfact/hng/tutorials/firstnet 120removetcpiplan.not
100.07.04 14:35 B C:\My Documents\CRS\bookhnet\firstnet\130pressedaddprotocol.gif --> www.netfact.com /inetpub/wwwroot/netfact/hng/tutorials/firstnet 130pressedaddprotocol.gif
100.07.04 14:35 B C:\My Documents\CRS\bookhnet\firstnet\130pressedaddprotocol.htm --> www.netfact.com /inetpub/wwwroot/netfact/hng/tutorials/firstnet 130pressedaddprotocol.htm
100.07.04 14:35 B C:\My Documents\CRS\bookhnet\firstnet\130pressedaddprotocol.not --> www.netfact.com /inetpub/wwwroot/netfact/hng/tutorials/firstnet 130pressedaddprotocol.not
100.07.04 14:35 B C:\My Documents\CRS\bookhnet\firstnet\140addingmicrosoftnetbeui.gif --> www.netfact.com /inetpub/wwwroot/netfact/hng/tutorials/firstnet 140addingmicrosoftnetbeui.gif
100.07.04 14:35 B C:\My Documents\CRS\bookhnet\firstnet\140addingmicrosoftnetbeui.htm --> www.netfact.com /inetpub/wwwroot/netfact/hng/tutorials/firstnet 140addingmicrosoftnetbeui.htm
100.07.04 14:35 B C:\My Documents\CRS\bookhnet\firstnet\140addingmicrosoftnetbeui.not --> www.netfact.com /inetpub/wwwroot/netfact/hng/tutorials/firstnet 140addingmicrosoftnetbeui.not
100.07.04 14:35 B C:\My Documents\CRS\bookhnet\firstnet\150removenetbeuidialup.gif --> www.netfact.com /inetpub/wwwroot/netfact/hng/tutorials/firstnet 150removenetbeuidialup.gif
100.07.04 14:35 B C:\My Documents\CRS\bookhnet\firstnet\150removenetbeuidialup.htm --> www.netfact.com /inetpub/wwwroot/netfact/hng/tutorials/firstnet 150removenetbeuidialup.htm
100.07.04 14:35 B C:\My Documents\CRS\bookhnet\firstnet\150removenetbeuidialup.not --> www.netfact.com /inetpub/wwwroot/netfact/hng/tutorials/firstnet 150removenetbeuidialup.not
100.07.04 14:35 B C:\My Documents\CRS\bookhnet\firstnet\160finalconfigurationpressok.gif --> www.netfact.com /inetpub/wwwroot/netfact/hng/tutorials/firstnet 160finalconfigurationpressok.gif
100.07.04 14:35 B C:\My Documents\CRS\bookhnet\firstnet\160finalconfigurationpressok.htm --> www.netfact.com /inetpub/wwwroot/netfact/hng/tutorials/firstnet 160finalconfigurationpressok.htm
100.07.04 14:35 B C:\My Documents\CRS\bookhnet\firstnet\160finalconfigurationpressok.not --> www.netfact.com /inetpub/wwwroot/netfact/hng/tutorials/firstnet 160finalconfigurationpressok.not
100.07.04 14:35 B C:\My Documents\CRS\bookhnet\firstnet\170insertcdrom.gif --> www.netfact.com /inetpub/wwwroot/netfact/hng/tutorials/firstnet 170insertcdrom.gif
100.07.04 14:35 B C:\My Documents\CRS\bookhnet\firstnet\170insertcdrom.htm --> www.netfact.com /inetpub/wwwroot/netfact/hng/tutorials/firstnet 170insertcdrom.htm
100.07.04 14:35 B C:\My Documents\CRS\bookhnet\firstnet\170insertcdrom.not --> www.netfact.com /inetpub/wwwroot/netfact/hng/tutorials/firstnet 170insertcdrom.not
100.07.04 14:35 B C:\My Documents\CRS\bookhnet\firstnet\180loginscreen.gif --> www.netfact.com /inetpub/wwwroot/netfact/hng/tutorials/firstnet 180loginscreen.gif
100.07.04 14:35 B C:\My Documents\CRS\bookhnet\firstnet\180loginscreen.htm --> www.netfact.com /inetpub/wwwroot/netfact/hng/tutorials/firstnet 180loginscreen.htm
100.07.04 14:35 B C:\My Documents\CRS\bookhnet\firstnet\180loginscreen.not --> www.netfact.com /inetpub/wwwroot/netfact/hng/tutorials/firstnet 180loginscreen.not
100.07.04 14:35 B C:\My Documents\CRS\bookhnet\firstnet\200rightclickproperties.gif --> www.netfact.com /inetpub/wwwroot/netfact/hng/tutorials/firstnet 200rightclickproperties.gif
100.07.04 14:35 B C:\My Documents\CRS\bookhnet\firstnet\200rightclickproperties.htm --> www.netfact.com /inetpub/wwwroot/netfact/hng/tutorials/firstnet 200rightclickproperties.htm
100.07.04 14:35 B C:\My Documents\CRS\bookhnet\firstnet\200rightclickproperties.not --> www.netfact.com /inetpub/wwwroot/netfact/hng/tutorials/firstnet 200rightclickproperties.not
100.07.04 14:35 B C:\My Documents\CRS\bookhnet\firstnet\210identificationworkgroup.gif --> www.netfact.com /inetpub/wwwroot/netfact/hng/tutorials/firstnet 210identificationworkgroup.gif
100.07.04 14:35 B C:\My Documents\CRS\bookhnet\firstnet\210identificationworkgroup.htm --> www.netfact.com /inetpub/wwwroot/netfact/hng/tutorials/firstnet 210identificationworkgroup.htm
100.07.04 14:35 B C:\My Documents\CRS\bookhnet\firstnet\210identificationworkgroup.not --> www.netfact.com /inetpub/wwwroot/netfact/hng/tutorials/firstnet 210identificationworkgroup.not
100.07.04 14:35 B C:\My Documents\CRS\bookhnet\firstnet\220accessleavealone.gif --> www.netfact.com /inetpub/wwwroot/netfact/hng/tutorials/firstnet 220accessleavealone.gif
100.07.04 14:35 B C:\My Documents\CRS\bookhnet\firstnet\220accessleavealone.htm --> www.netfact.com /inetpub/wwwroot/netfact/hng/tutorials/firstnet 220accessleavealone.htm
100.07.04 14:35 B C:\My Documents\CRS\bookhnet\firstnet\220accessleavealone.not --> www.netfact.com /inetpub/wwwroot/netfact/hng/tutorials/firstnet 220accessleavealone.not
100.07.04 14:35 B C:\My Documents\CRS\bookhnet\firstnet\230configurationpresssharing.gif --> www.netfact.com /inetpub/wwwroot/netfact/hng/tutorials/firstnet 230configurationpresssharing.gif
100.07.04 14:35 B C:\My Documents\CRS\bookhnet\firstnet\230configurationpresssharing.htm --> www.netfact.com /inetpub/wwwroot/netfact/hng/tutorials/firstnet 230configurationpresssharing.htm
100.07.04 14:35 B C:\My Documents\CRS\bookhnet\firstnet\230configurationpresssharing.not --> www.netfact.com /inetpub/wwwroot/netfact/hng/tutorials/firstnet 230configurationpresssharing.not
100.07.04 14:35 B C:\My Documents\CRS\bookhnet\firstnet\240fileandprintsharingchecked.gif --> www.netfact.com /inetpub/wwwroot/netfact/hng/tutorials/firstnet 240fileandprintsharingchecked.gif
100.07.04 14:35 B C:\My Documents\CRS\bookhnet\firstnet\240fileandprintsharingchecked.htm --> www.netfact.com /inetpub/wwwroot/netfact/hng/tutorials/firstnet 240fileandprintsharingchecked.htm
100.07.04 14:35 B C:\My Documents\CRS\bookhnet\firstnet\240fileandprintsharingchecked.not --> www.netfact.com /inetpub/wwwroot/netfact/hng/tutorials/firstnet 240fileandprintsharingchecked.not
100.07.04 14:35 B C:\My Documents\CRS\bookhnet\firstnet\270othersystemnameconfiguration.gif --> www.netfact.com /inetpub/wwwroot/netfact/hng/tutorials/firstnet 270othersystemnameconfiguration.gif
100.07.04 14:35 B C:\My Documents\CRS\bookhnet\firstnet\270othersystemnameconfiguration.htm --> www.netfact.com /inetpub/wwwroot/netfact/hng/tutorials/firstnet 270othersystemnameconfiguration.htm
100.07.04 14:35 B C:\My Documents\CRS\bookhnet\firstnet\270othersystemnameconfiguration.not --> www.netfact.com /inetpub/wwwroot/netfact/hng/tutorials/firstnet 270othersystemnameconfiguration.not
100.07.04 14:35 B C:\My Documents\CRS\bookhnet\firstnet\280browsenetworkneigborhood.gif --> www.netfact.com /inetpub/wwwroot/netfact/hng/tutorials/firstnet 280browsenetworkneigborhood.gif
100.07.04 14:35 B C:\My Documents\CRS\bookhnet\firstnet\280browsenetworkneigborhood.htm --> www.netfact.com /inetpub/wwwroot/netfact/hng/tutorials/firstnet 280browsenetworkneigborhood.htm
100.07.04 14:35 B C:\My Documents\CRS\bookhnet\firstnet\280browsenetworkneigborhood.not --> www.netfact.com /inetpub/wwwroot/netfact/hng/tutorials/firstnet 280browsenetworkneigborhood.not
100.07.04 14:35 B C:\My Documents\CRS\bookhnet\firstnet\290sharingcdrive.gif --> www.netfact.com /inetpub/wwwroot/netfact/hng/tutorials/firstnet 290sharingcdrive.gif
100.07.04 14:35 B C:\My Documents\CRS\bookhnet\firstnet\290sharingcdrive.htm --> www.netfact.com /inetpub/wwwroot/netfact/hng/tutorials/firstnet 290sharingcdrive.htm
100.07.04 14:35 B C:\My Documents\CRS\bookhnet\firstnet\290sharingcdrive.not --> www.netfact.com /inetpub/wwwroot/netfact/hng/tutorials/firstnet 290sharingcdrive.not
100.07.04 14:35 B C:\My Documents\CRS\bookhnet\firstnet\300fullsharing.gif --> www.netfact.com /inetpub/wwwroot/netfact/hng/tutorials/firstnet 300fullsharing.gif
100.07.04 14:35 B C:\My Documents\CRS\bookhnet\firstnet\300fullsharing.htm --> www.netfact.com /inetpub/wwwroot/netfact/hng/tutorials/firstnet 300fullsharing.htm
100.07.04 14:35 B C:\My Documents\CRS\bookhnet\firstnet\300fullsharing.not --> www.netfact.com /inetpub/wwwroot/netfact/hng/tutorials/firstnet 300fullsharing.not
100.07.04 14:35 B C:\My Documents\CRS\bookhnet\firstnet\310cisnowshared.gif --> www.netfact.com /inetpub/wwwroot/netfact/hng/tutorials/firstnet 310cisnowshared.gif
100.07.04 14:35 B C:\My Documents\CRS\bookhnet\firstnet\310cisnowshared.htm --> www.netfact.com /inetpub/wwwroot/netfact/hng/tutorials/firstnet 310cisnowshared.htm
100.07.04 14:35 B C:\My Documents\CRS\bookhnet\firstnet\310cisnowshared.not --> www.netfact.com /inetpub/wwwroot/netfact/hng/tutorials/firstnet 310cisnowshared.not
100.07.04 14:35 B C:\My Documents\CRS\bookhnet\firstnet\320sharingtheprinter.gif --> www.netfact.com /inetpub/wwwroot/netfact/hng/tutorials/firstnet 320sharingtheprinter.gif
100.07.04 14:35 B C:\My Documents\CRS\bookhnet\firstnet\320sharingtheprinter.htm --> www.netfact.com /inetpub/wwwroot/netfact/hng/tutorials/firstnet 320sharingtheprinter.htm
100.07.04 14:35 B C:\My Documents\CRS\bookhnet\firstnet\320sharingtheprinter.not --> www.netfact.com /inetpub/wwwroot/netfact/hng/tutorials/firstnet 320sharingtheprinter.not
100.07.04 14:35 B C:\My Documents\CRS\bookhnet\firstnet\330sharedwithoutpassword.gif --> www.netfact.com /inetpub/wwwroot/netfact/hng/tutorials/firstnet 330sharedwithoutpassword.gif
100.07.04 14:35 B C:\My Documents\CRS\bookhnet\firstnet\330sharedwithoutpassword.htm --> www.netfact.com /inetpub/wwwroot/netfact/hng/tutorials/firstnet 330sharedwithoutpassword.htm
100.07.04 14:35 B C:\My Documents\CRS\bookhnet\firstnet\330sharedwithoutpassword.not --> www.netfact.com /inetpub/wwwroot/netfact/hng/tutorials/firstnet 330sharedwithoutpassword.not
100.07.04 14:35 B C:\My Documents\CRS\bookhnet\firstnet\340printerisnowshared.gif --> www.netfact.com /inetpub/wwwroot/netfact/hng/tutorials/firstnet 340printerisnowshared.gif
100.07.04 14:35 B C:\My Documents\CRS\bookhnet\firstnet\340printerisnowshared.htm --> www.netfact.com /inetpub/wwwroot/netfact/hng/tutorials/firstnet 340printerisnowshared.htm
100.07.04 14:35 B C:\My Documents\CRS\bookhnet\firstnet\340printerisnowshared.not --> www.netfact.com /inetpub/wwwroot/netfact/hng/tutorials/firstnet 340printerisnowshared.not
100.07.04 14:35 B C:\My Documents\CRS\bookhnet\firstnet\500networkneighborhood.gif --> www.netfact.com /inetpub/wwwroot/netfact/hng/tutorials/firstnet 500networkneighborhood.gif
100.07.04 14:35 B C:\My Documents\CRS\bookhnet\firstnet\500networkneighborhood.htm --> www.netfact.com /inetpub/wwwroot/netfact/hng/tutorials/firstnet 500networkneighborhood.htm
100.07.04 14:35 B C:\My Documents\CRS\bookhnet\firstnet\500networkneighborhood.not --> www.netfact.com /inetpub/wwwroot/netfact/hng/tutorials/firstnet 500networkneighborhood.not
100.07.04 14:35 B C:\My Documents\CRS\bookhnet\firstnet\510clickonc.gif --> www.netfact.com /inetpub/wwwroot/netfact/hng/tutorials/firstnet 510clickonc.gif
100.07.04 14:35 B C:\My Documents\CRS\bookhnet\firstnet\510clickonc.htm --> www.netfact.com /inetpub/wwwroot/netfact/hng/tutorials/firstnet 510clickonc.htm
100.07.04 14:35 B C:\My Documents\CRS\bookhnet\firstnet\510clickonc.not --> www.netfact.com /inetpub/wwwroot/netfact/hng/tutorials/firstnet 510clickonc.not
100.07.04 14:36 B C:\My Documents\CRS\bookhnet\firstnet\520entersharepassword.gif --> www.netfact.com /inetpub/wwwroot/netfact/hng/tutorials/firstnet 520entersharepassword.gif
100.07.04 14:36 B C:\My Documents\CRS\bookhnet\firstnet\520entersharepassword.htm --> www.netfact.com /inetpub/wwwroot/netfact/hng/tutorials/firstnet 520entersharepassword.htm
100.07.04 14:36 B C:\My Documents\CRS\bookhnet\firstnet\520entersharepassword.not --> www.netfact.com /inetpub/wwwroot/netfact/hng/tutorials/firstnet 520entersharepassword.not
100.07.04 14:36 B C:\My Documents\CRS\bookhnet\firstnet\530browsefiles.gif --> www.netfact.com /inetpub/wwwroot/netfact/hng/tutorials/firstnet 530browsefiles.gif
100.07.04 14:36 B C:\My Documents\CRS\bookhnet\firstnet\530browsefiles.htm --> www.netfact.com /inetpub/wwwroot/netfact/hng/tutorials/firstnet 530browsefiles.htm
100.07.04 14:36 B C:\My Documents\CRS\bookhnet\firstnet\530browsefiles.not --> www.netfact.com /inetpub/wwwroot/netfact/hng/tutorials/firstnet 530browsefiles.not
100.07.04 14:36 B C:\My Documents\CRS\bookhnet\firstnet\540mapnetworkdrive.gif --> www.netfact.com /inetpub/wwwroot/netfact/hng/tutorials/firstnet 540mapnetworkdrive.gif
100.07.04 14:36 B C:\My Documents\CRS\bookhnet\firstnet\540mapnetworkdrive.htm --> www.netfact.com /inetpub/wwwroot/netfact/hng/tutorials/firstnet 540mapnetworkdrive.htm
100.07.04 14:36 B C:\My Documents\CRS\bookhnet\firstnet\540mapnetworkdrive.not --> www.netfact.com /inetpub/wwwroot/netfact/hng/tutorials/firstnet 540mapnetworkdrive.not
100.07.04 14:36 B C:\My Documents\CRS\bookhnet\firstnet\550whichdrivetomap.gif --> www.netfact.com /inetpub/wwwroot/netfact/hng/tutorials/firstnet 550whichdrivetomap.gif
100.07.04 14:36 B C:\My Documents\CRS\bookhnet\firstnet\550whichdrivetomap.htm --> www.netfact.com /inetpub/wwwroot/netfact/hng/tutorials/firstnet 550whichdrivetomap.htm
100.07.04 14:36 B C:\My Documents\CRS\bookhnet\firstnet\550whichdrivetomap.not --> www.netfact.com /inetpub/wwwroot/netfact/hng/tutorials/firstnet 550whichdrivetomap.not
100.07.04 14:36 B C:\My Documents\CRS\bookhnet\firstnet\560newedrive.gif --> www.netfact.com /inetpub/wwwroot/netfact/hng/tutorials/firstnet 560newedrive.gif
100.07.04 14:36 B C:\My Documents\CRS\bookhnet\firstnet\560newedrive.htm --> www.netfact.com /inetpub/wwwroot/netfact/hng/tutorials/firstnet 560newedrive.htm
100.07.04 14:36 B C:\My Documents\CRS\bookhnet\firstnet\560newedrive.not --> www.netfact.com /inetpub/wwwroot/netfact/hng/tutorials/firstnet 560newedrive.not
100.07.04 14:36 B C:\My Documents\CRS\bookhnet\firstnet\570installprinter.gif --> www.netfact.com /inetpub/wwwroot/netfact/hng/tutorials/firstnet 570installprinter.gif
100.07.04 14:36 B C:\My Documents\CRS\bookhnet\firstnet\570installprinter.htm --> www.netfact.com /inetpub/wwwroot/netfact/hng/tutorials/firstnet 570installprinter.htm
100.07.04 14:36 B C:\My Documents\CRS\bookhnet\firstnet\570installprinter.not --> www.netfact.com /inetpub/wwwroot/netfact/hng/tutorials/firstnet 570installprinter.not
100.07.04 14:36 B C:\My Documents\CRS\bookhnet\firstnet\faq.htm --> www.netfact.com /inetpub/wwwroot/netfact/hng/tutorials/firstnet faq.htm
100.07.04 14:36 B C:\My Documents\CRS\bookhnet\firstnet\index.htm --> www.netfact.com /inetpub/wwwroot/netfact/hng/tutorials/firstnet index.htm
100.07.04 14:36 B C:\My Documents\CRS\bookhnet\firstnet\indexbot.not --> www.netfact.com /inetpub/wwwroot/netfact/hng/tutorials/firstnet indexbot.not
100.07.04 14:36 B C:\My Documents\CRS\bookhnet\firstnet\indextop.not --> www.netfact.com /inetpub/wwwroot/netfact/hng/tutorials/firstnet indextop.not
100.07.04 14:36 B C:\My Documents\CRS\bookhnet\firstnet\WS_FTP.LOG --> www.netfact.com /inetpub/wwwroot/netfact/hng/tutorials/firstnet WS_FTP.LOG
102.12.03 22:09 B C:\Documents and Settings\Chuck\Desktop\netfact-archive\hng\tutorials\firstnet\WS_FTP.LOG <-- netfact /Inetpub/wwwroot/netfact/hng/tutorials/firstnet WS_FTP.LOG
