100.07.10 21:17 B F:\My Documents\CRS\bookhnet\02chapter\010networkkit.jpg --> www.netfact.com /Inetpub/wwwroot/netfact/hng/book/02chapter 010networkkit.jpg
100.07.10 21:18 B F:\My Documents\CRS\bookhnet\02chapter\01gettingstarted.doc --> www.netfact.com /Inetpub/wwwroot/netfact/hng/book/02chapter 01gettingstarted.doc
100.07.10 21:18 B F:\My Documents\CRS\bookhnet\02chapter\020cardtypes.jpg --> www.netfact.com /Inetpub/wwwroot/netfact/hng/book/02chapter 020cardtypes.jpg
100.07.10 21:18 B F:\My Documents\CRS\bookhnet\02chapter\050installingcard.jpg --> www.netfact.com /Inetpub/wwwroot/netfact/hng/book/02chapter 050installingcard.jpg
100.07.10 21:18 B F:\My Documents\CRS\bookhnet\02chapter\060foundnewhardware.gif --> www.netfact.com /Inetpub/wwwroot/netfact/hng/book/02chapter 060foundnewhardware.gif
100.07.10 21:19 B F:\My Documents\CRS\bookhnet\02chapter\070connectiondiagram.gif --> www.netfact.com /Inetpub/wwwroot/netfact/hng/book/02chapter 070connectiondiagram.gif
100.07.10 21:19 B F:\My Documents\CRS\bookhnet\02chapter\070uplinkport.jpg --> www.netfact.com /Inetpub/wwwroot/netfact/hng/book/02chapter 070uplinkport.jpg
100.07.10 21:19 B F:\My Documents\CRS\bookhnet\02chapter\160finalconfigurationpressok.gif --> www.netfact.com /Inetpub/wwwroot/netfact/hng/book/02chapter 160finalconfigurationpressok.gif
100.07.10 21:19 B F:\My Documents\CRS\bookhnet\02chapter\210identificationworkgroup.gif --> www.netfact.com /Inetpub/wwwroot/netfact/hng/book/02chapter 210identificationworkgroup.gif
100.07.10 21:19 B F:\My Documents\CRS\bookhnet\02chapter\240fileandprintsharingchecked.gif --> www.netfact.com /Inetpub/wwwroot/netfact/hng/book/02chapter 240fileandprintsharingchecked.gif
100.07.10 21:20 B F:\My Documents\CRS\bookhnet\02chapter\280browsenetworkneigborhood.gif --> www.netfact.com /Inetpub/wwwroot/netfact/hng/book/02chapter 280browsenetworkneigborhood.gif
100.07.10 21:20 B F:\My Documents\CRS\bookhnet\02chapter\290sharingcdrive.gif --> www.netfact.com /Inetpub/wwwroot/netfact/hng/book/02chapter 290sharingcdrive.gif
100.07.10 21:20 B F:\My Documents\CRS\bookhnet\02chapter\510clickonc.gif --> www.netfact.com /Inetpub/wwwroot/netfact/hng/book/02chapter 510clickonc.gif
100.07.10 21:20 B F:\My Documents\CRS\bookhnet\02chapter\570installprinter.gif --> www.netfact.com /Inetpub/wwwroot/netfact/hng/book/02chapter 570installprinter.gif
100.07.10 21:20 B F:\My Documents\CRS\bookhnet\02chapter\figures.ppt --> www.netfact.com /Inetpub/wwwroot/netfact/hng/book/02chapter figures.ppt
100.07.10 21:21 B F:\My Documents\CRS\bookhnet\02chapter\index.htm --> www.netfact.com /Inetpub/wwwroot/netfact/hng/book/02chapter index.htm
101.04.08 21:15 B c:\my documents\bookhnet\book\02firstnet\010networkkit.jpg --> www.netfact.com /inetpub/wwwroot/netfact/hng/book/02firstnet 010networkkit.jpg
101.04.08 21:15 B c:\my documents\bookhnet\book\02firstnet\01gettingstarted.doc --> www.netfact.com /inetpub/wwwroot/netfact/hng/book/02firstnet 01gettingstarted.doc
101.04.08 21:15 B c:\my documents\bookhnet\book\02firstnet\020cardtypes.jpg --> www.netfact.com /inetpub/wwwroot/netfact/hng/book/02firstnet 020cardtypes.jpg
101.04.08 21:15 B c:\my documents\bookhnet\book\02firstnet\050installingcard.jpg --> www.netfact.com /inetpub/wwwroot/netfact/hng/book/02firstnet 050installingcard.jpg
101.04.08 21:15 B c:\my documents\bookhnet\book\02firstnet\060foundnewhardware.gif --> www.netfact.com /inetpub/wwwroot/netfact/hng/book/02firstnet 060foundnewhardware.gif
101.04.08 21:16 B c:\my documents\bookhnet\book\02firstnet\070connectiondiagram.gif --> www.netfact.com /inetpub/wwwroot/netfact/hng/book/02firstnet 070connectiondiagram.gif
101.04.08 21:16 B c:\my documents\bookhnet\book\02firstnet\070uplinkport.jpg --> www.netfact.com /inetpub/wwwroot/netfact/hng/book/02firstnet 070uplinkport.jpg
101.04.08 21:16 B c:\my documents\bookhnet\book\02firstnet\160finalconfigurationpressok.gif --> www.netfact.com /inetpub/wwwroot/netfact/hng/book/02firstnet 160finalconfigurationpressok.gif
101.04.08 21:16 B c:\my documents\bookhnet\book\02firstnet\210identificationworkgroup.gif --> www.netfact.com /inetpub/wwwroot/netfact/hng/book/02firstnet 210identificationworkgroup.gif
101.04.08 21:16 B c:\my documents\bookhnet\book\02firstnet\240fileandprintsharingchecked.gif --> www.netfact.com /inetpub/wwwroot/netfact/hng/book/02firstnet 240fileandprintsharingchecked.gif
101.04.08 21:16 B c:\my documents\bookhnet\book\02firstnet\280browsenetworkneigborhood.gif --> www.netfact.com /inetpub/wwwroot/netfact/hng/book/02firstnet 280browsenetworkneigborhood.gif
101.04.08 21:16 B c:\my documents\bookhnet\book\02firstnet\290sharingcdrive.gif --> www.netfact.com /inetpub/wwwroot/netfact/hng/book/02firstnet 290sharingcdrive.gif
101.04.08 21:16 B c:\my documents\bookhnet\book\02firstnet\510clickonc.gif --> www.netfact.com /inetpub/wwwroot/netfact/hng/book/02firstnet 510clickonc.gif
101.04.08 21:16 B c:\my documents\bookhnet\book\02firstnet\570installprinter.gif --> www.netfact.com /inetpub/wwwroot/netfact/hng/book/02firstnet 570installprinter.gif
101.04.08 21:16 B c:\my documents\bookhnet\book\02firstnet\figures.ppt --> www.netfact.com /inetpub/wwwroot/netfact/hng/book/02firstnet figures.ppt
101.04.08 21:16 B c:\my documents\bookhnet\book\02firstnet\index.htm --> www.netfact.com /inetpub/wwwroot/netfact/hng/book/02firstnet index.htm
101.04.08 21:16 B c:\my documents\bookhnet\book\02firstnet\WS_FTP.LOG --> www.netfact.com /inetpub/wwwroot/netfact/hng/book/02firstnet WS_FTP.LOG
102.12.03 22:00 B C:\Documents and Settings\Chuck\Desktop\netfact-archive\hng\book\02firstnet\WS_FTP.LOG <-- netfact /Inetpub/wwwroot/netfact/hng/book/02firstnet WS_FTP.LOG
