101.01.26 00:17 B C:\My Documents\CRS\bookhnet\tutorials\airport-ethernet\thumbs\010launchadmin.gif --> www.netfact.com /inetpub/wwwroot/netfact/hng/tutorials/airport-ethernet/thumbs 010launchadmin.gif
101.01.26 00:17 B C:\My Documents\CRS\bookhnet\tutorials\airport-ethernet\thumbs\020lookingforbase.gif --> www.netfact.com /inetpub/wwwroot/netfact/hng/tutorials/airport-ethernet/thumbs 020lookingforbase.gif
101.01.26 00:17 B C:\My Documents\CRS\bookhnet\tutorials\airport-ethernet\thumbs\030selectandconfigure.gif --> www.netfact.com /inetpub/wwwroot/netfact/hng/tutorials/airport-ethernet/thumbs 030selectandconfigure.gif
101.01.26 00:17 B C:\My Documents\CRS\bookhnet\tutorials\airport-ethernet\thumbs\040enterpassword.gif --> www.netfact.com /inetpub/wwwroot/netfact/hng/tutorials/airport-ethernet/thumbs 040enterpassword.gif
101.01.26 00:17 B C:\My Documents\CRS\bookhnet\tutorials\airport-ethernet\thumbs\050wirelesssettings.gif --> www.netfact.com /inetpub/wwwroot/netfact/hng/tutorials/airport-ethernet/thumbs 050wirelesssettings.gif
101.01.26 00:17 B C:\My Documents\CRS\bookhnet\tutorials\airport-ethernet\thumbs\060internetsettings.gif --> www.netfact.com /inetpub/wwwroot/netfact/hng/tutorials/airport-ethernet/thumbs 060internetsettings.gif
101.01.26 00:17 B C:\My Documents\CRS\bookhnet\tutorials\airport-ethernet\thumbs\070lansettings.gif --> www.netfact.com /inetpub/wwwroot/netfact/hng/tutorials/airport-ethernet/thumbs 070lansettings.gif
101.01.26 00:17 B C:\My Documents\CRS\bookhnet\tutorials\airport-ethernet\thumbs\080accesscontrol.gif --> www.netfact.com /inetpub/wwwroot/netfact/hng/tutorials/airport-ethernet/thumbs 080accesscontrol.gif
101.03.28 01:12 B c:\my documents\bookhnet\tutorials\airport-ethernet\thumbs\010launchadmin.gif --> www.netfact.com /Inetpub/wwwroot/netfact/hng/tutorials/airport-ethernet/thumbs 010launchadmin.gif
101.03.28 01:12 B c:\my documents\bookhnet\tutorials\airport-ethernet\thumbs\020lookingforbase.gif --> www.netfact.com /Inetpub/wwwroot/netfact/hng/tutorials/airport-ethernet/thumbs 020lookingforbase.gif
101.03.28 01:12 B c:\my documents\bookhnet\tutorials\airport-ethernet\thumbs\030selectandconfigure.gif --> www.netfact.com /Inetpub/wwwroot/netfact/hng/tutorials/airport-ethernet/thumbs 030selectandconfigure.gif
101.03.28 01:12 B c:\my documents\bookhnet\tutorials\airport-ethernet\thumbs\040enterpassword.gif --> www.netfact.com /Inetpub/wwwroot/netfact/hng/tutorials/airport-ethernet/thumbs 040enterpassword.gif
101.03.28 01:12 B c:\my documents\bookhnet\tutorials\airport-ethernet\thumbs\050wirelesssettings.gif --> www.netfact.com /Inetpub/wwwroot/netfact/hng/tutorials/airport-ethernet/thumbs 050wirelesssettings.gif
101.03.28 01:12 B c:\my documents\bookhnet\tutorials\airport-ethernet\thumbs\060internetsettings.gif --> www.netfact.com /Inetpub/wwwroot/netfact/hng/tutorials/airport-ethernet/thumbs 060internetsettings.gif
101.03.28 01:12 B c:\my documents\bookhnet\tutorials\airport-ethernet\thumbs\070lansettings.gif --> www.netfact.com /Inetpub/wwwroot/netfact/hng/tutorials/airport-ethernet/thumbs 070lansettings.gif
101.03.28 01:12 B c:\my documents\bookhnet\tutorials\airport-ethernet\thumbs\080accesscontrol.gif --> www.netfact.com /Inetpub/wwwroot/netfact/hng/tutorials/airport-ethernet/thumbs 080accesscontrol.gif
101.03.28 01:12 B c:\my documents\bookhnet\tutorials\airport-ethernet\thumbs\WS_FTP.LOG --> www.netfact.com /Inetpub/wwwroot/netfact/hng/tutorials/airport-ethernet/thumbs WS_FTP.LOG
101.04.01 01:25 B c:\my documents\bookhnet\tutorials\airport-ethernet\thumbs\010launchadmin.gif --> www.netfact.com /inetpub/wwwroot/netfact/hng/tutorials/airport-ethernet/thumbs 010launchadmin.gif
101.04.01 01:25 B c:\my documents\bookhnet\tutorials\airport-ethernet\thumbs\020lookingforbase.gif --> www.netfact.com /inetpub/wwwroot/netfact/hng/tutorials/airport-ethernet/thumbs 020lookingforbase.gif
101.04.01 01:25 B c:\my documents\bookhnet\tutorials\airport-ethernet\thumbs\030selectandconfigure.gif --> www.netfact.com /inetpub/wwwroot/netfact/hng/tutorials/airport-ethernet/thumbs 030selectandconfigure.gif
101.04.01 01:25 B c:\my documents\bookhnet\tutorials\airport-ethernet\thumbs\040enterpassword.gif --> www.netfact.com /inetpub/wwwroot/netfact/hng/tutorials/airport-ethernet/thumbs 040enterpassword.gif
101.04.01 01:25 B c:\my documents\bookhnet\tutorials\airport-ethernet\thumbs\050wirelesssettings.gif --> www.netfact.com /inetpub/wwwroot/netfact/hng/tutorials/airport-ethernet/thumbs 050wirelesssettings.gif
101.04.01 01:25 B c:\my documents\bookhnet\tutorials\airport-ethernet\thumbs\060internetsettings.gif --> www.netfact.com /inetpub/wwwroot/netfact/hng/tutorials/airport-ethernet/thumbs 060internetsettings.gif
101.04.01 01:25 B c:\my documents\bookhnet\tutorials\airport-ethernet\thumbs\070lansettings.gif --> www.netfact.com /inetpub/wwwroot/netfact/hng/tutorials/airport-ethernet/thumbs 070lansettings.gif
101.04.01 01:25 B c:\my documents\bookhnet\tutorials\airport-ethernet\thumbs\080accesscontrol.gif --> www.netfact.com /inetpub/wwwroot/netfact/hng/tutorials/airport-ethernet/thumbs 080accesscontrol.gif
101.04.01 01:25 B c:\my documents\bookhnet\tutorials\airport-ethernet\thumbs\WS_FTP.LOG --> www.netfact.com /inetpub/wwwroot/netfact/hng/tutorials/airport-ethernet/thumbs WS_FTP.LOG
102.12.03 22:07 B C:\Documents and Settings\Chuck\Desktop\netfact-archive\hng\tutorials\airport-ethernet\thumbs\WS_FTP.LOG <-- netfact /Inetpub/wwwroot/netfact/hng/tutorials/airport-ethernet/thumbs WS_FTP.LOG
